<?xml version="1.0" encoding="UTF-8"?>
<layout version="16" mode="1" orientation="vertical">
    <tabpage name="MQ==" scalef="0.0" scalet="1.0" li_t="" li_c="gray" li_s="14" li_o="false" li_b="false" la_t="" la_c="gray" la_s="14" la_o="false" la_b="false">
        <control name="bXVsdGl0b2dnbGU2MA==" x="628" y="450" w="50" h="100" color="yellow" scalef="0.0" scalet="1.0" type="multitoggle" number_x="1" number_y="2" ex_mode="false" local_off="false">
	<midi var="x" type="0" channel="1" data1="0" data2f="0" data2t="127" sysex=""/>

	<midi var="x" type="0" channel="1" data1="1" data2f="0" data2t="127" sysex=""/>
</control>
        <control name="ZmFkZXI1NQ==" x="428" y="850" w="200" h="50" color="yellow" scalef="0.0" scalet="1.0" type="faderh" response="absolute" inverted="false" centered="false">
	<midi var="x" type="0" channel="1" data1="0" data2f="0" data2t="127" sysex=""/>
</control>
        <control name="ZmFkZXI1Ng==" x="275" y="150" w="200" h="50" color="yellow" scalef="0.0" scalet="1.0" type="faderh" response="absolute" inverted="false" centered="false">
	<midi var="x" type="0" channel="1" data1="0" data2f="0" data2t="127" sysex=""/>
</control>
        <control name="bGFiZWw1Mg==" x="678" y="450" w="50" h="100" color="yellow" type="labelv" text="UGl0Y2ggQXJw" size="17" background="true" outline="false"/>
        <control name="bGFiZWw1Mw==" x="428" y="0" w="50" h="150" color="yellow" type="labelv" text="UGl0Y2ggUmFuZG9t" size="17" background="true" outline="false"/>
        <control name="ZmFkZXI1Nw==" x="275" y="200" w="200" h="50" color="yellow" scalef="0.0" scalet="1.0" type="faderh" response="absolute" inverted="false" centered="false">
	<midi var="x" type="0" channel="1" data1="0" data2f="0" data2t="127" sysex=""/>
</control>
        <control name="ZmFkZXI1OA==" x="275" y="250" w="200" h="50" color="yellow" scalef="0.0" scalet="1.0" type="faderh" response="absolute" inverted="false" centered="true">
	<midi var="x" type="0" channel="1" data1="0" data2f="0" data2t="127" sysex=""/>
</control>
        <control name="bXVsdGl0b2dnbGU2MQ==" x="628" y="0" w="50" h="100" color="yellow" scalef="0.0" scalet="1.0" type="multitoggle" number_x="1" number_y="2" ex_mode="false" local_off="false">
	<midi var="x" type="0" channel="1" data1="0" data2f="0" data2t="127" sysex=""/>

	<midi var="x" type="0" channel="1" data1="1" data2f="0" data2t="127" sysex=""/>
</control>
        <control name="bXVsdGl0b2dnbGU2Mg==" x="428" y="451" w="100" h="400" color="yellow" scalef="0.0" scalet="1.0" type="multitoggle" number_x="1" number_y="8" ex_mode="false" local_off="false">
	<midi var="x" type="0" channel="1" data1="0" data2f="0" data2t="127" sysex=""/>

	<midi var="x" type="0" channel="1" data1="1" data2f="0" data2t="127" sysex=""/>

	<midi var="x" type="0" channel="1" data1="2" data2f="0" data2t="127" sysex=""/>

	<midi var="x" type="0" channel="1" data1="3" data2f="0" data2t="127" sysex=""/>

	<midi var="x" type="0" channel="1" data1="4" data2f="0" data2t="127" sysex=""/>

	<midi var="x" type="0" channel="1" data1="5" data2f="0" data2t="127" sysex=""/>

	<midi var="x" type="0" channel="1" data1="6" data2f="0" data2t="127" sysex=""/>

	<midi var="x" type="0" channel="1" data1="7" data2f="0" data2t="127" sysex=""/>
</control>
        <control name="bXVsdGl0b2dnbGU2Mw==" x="628" y="100" w="50" h="100" color="yellow" scalef="0.0" scalet="1.0" type="multitoggle" number_x="1" number_y="2" ex_mode="false" local_off="false">
	<midi var="x" type="0" channel="1" data1="0" data2f="0" data2t="127" sysex=""/>

	<midi var="x" type="0" channel="1" data1="1" data2f="0" data2t="127" sysex=""/>
</control>
        <control name="bGFiZWw1NA==" x="678" y="0" w="50" h="100" color="yellow" type="labelv" text="R2F0ZSBBcnA=" size="17" background="true" outline="false"/>
        <control name="bXVsdGl0b2dnbGU2NA==" x="78" y="0" w="100" h="400" color="yellow" scalef="0.0" scalet="1.0" type="multitoggle" number_x="1" number_y="8" ex_mode="false" local_off="false">
	<midi var="x" type="0" channel="1" data1="0" data2f="0" data2t="127" sysex=""/>

	<midi var="x" type="0" channel="1" data1="1" data2f="0" data2t="127" sysex=""/>

	<midi var="x" type="0" channel="1" data1="2" data2f="0" data2t="127" sysex=""/>

	<midi var="x" type="0" channel="1" data1="3" data2f="0" data2t="127" sysex=""/>

	<midi var="x" type="0" channel="1" data1="4" data2f="0" data2t="127" sysex=""/>

	<midi var="x" type="0" channel="1" data1="5" data2f="0" data2t="127" sysex=""/>

	<midi var="x" type="0" channel="1" data1="6" data2f="0" data2t="127" sysex=""/>

	<midi var="x" type="0" channel="1" data1="7" data2f="0" data2t="127" sysex=""/>
</control>
        <control name="bGFiZWw1NQ==" x="178" y="300" w="50" h="100" color="yellow" type="labelv" text="RGVsYXk=" size="17" background="true" outline="false"/>
        <control name="bXVsdGl0b2dnbGU2NQ==" x="528" y="0" w="100" h="400" color="yellow" scalef="0.0" scalet="1.0" type="multitoggle" number_x="1" number_y="8" ex_mode="false" local_off="false">
	<midi var="x" type="0" channel="1" data1="0" data2f="0" data2t="127" sysex=""/>

	<midi var="x" type="0" channel="1" data1="1" data2f="0" data2t="127" sysex=""/>

	<midi var="x" type="0" channel="1" data1="2" data2f="0" data2t="127" sysex=""/>

	<midi var="x" type="0" channel="1" data1="3" data2f="0" data2t="127" sysex=""/>

	<midi var="x" type="0" channel="1" data1="4" data2f="0" data2t="127" sysex=""/>

	<midi var="x" type="0" channel="1" data1="5" data2f="0" data2t="127" sysex=""/>

	<midi var="x" type="0" channel="1" data1="6" data2f="0" data2t="127" sysex=""/>

	<midi var="x" type="0" channel="1" data1="7" data2f="0" data2t="127" sysex=""/>
</control>
        <control name="bXVsdGl0b2dnbGU2Ng==" x="528" y="450" w="100" h="400" color="yellow" scalef="0.0" scalet="1.0" type="multitoggle" number_x="1" number_y="8" ex_mode="false" local_off="false">
	<midi var="x" type="0" channel="1" data1="0" data2f="0" data2t="127" sysex=""/>

	<midi var="x" type="0" channel="1" data1="1" data2f="0" data2t="127" sysex=""/>

	<midi var="x" type="0" channel="1" data1="2" data2f="0" data2t="127" sysex=""/>

	<midi var="x" type="0" channel="1" data1="3" data2f="0" data2t="127" sysex=""/>

	<midi var="x" type="0" channel="1" data1="4" data2f="0" data2t="127" sysex=""/>

	<midi var="x" type="0" channel="1" data1="5" data2f="0" data2t="127" sysex=""/>

	<midi var="x" type="0" channel="1" data1="6" data2f="0" data2t="127" sysex=""/>

	<midi var="x" type="0" channel="1" data1="7" data2f="0" data2t="127" sysex=""/>
</control>
        <control name="bXVsdGl0b2dnbGU2Nw==" x="78" y="450" w="100" h="400" color="yellow" scalef="0.0" scalet="1.0" type="multitoggle" number_x="1" number_y="8" ex_mode="false" local_off="false">
	<midi var="x" type="0" channel="1" data1="0" data2f="0" data2t="127" sysex=""/>

	<midi var="x" type="0" channel="1" data1="1" data2f="0" data2t="127" sysex=""/>

	<midi var="x" type="0" channel="1" data1="2" data2f="0" data2t="127" sysex=""/>

	<midi var="x" type="0" channel="1" data1="3" data2f="0" data2t="127" sysex=""/>

	<midi var="x" type="0" channel="1" data1="4" data2f="0" data2t="127" sysex=""/>

	<midi var="x" type="0" channel="1" data1="5" data2f="0" data2t="127" sysex=""/>

	<midi var="x" type="0" channel="1" data1="6" data2f="0" data2t="127" sysex=""/>

	<midi var="x" type="0" channel="1" data1="7" data2f="0" data2t="127" sysex=""/>
</control>
        <control name="ZmFkZXI1OQ==" x="428" y="900" w="200" h="50" color="yellow" scalef="0.0" scalet="1.0" type="faderh" response="absolute" inverted="false" centered="false">
	<midi var="x" type="0" channel="1" data1="0" data2f="0" data2t="127" sysex=""/>
</control>
        <control name="ZmFkZXI2MA==" x="28" y="400" w="200" h="50" color="yellow" scalef="0.0" scalet="1.0" type="faderh" response="absolute" inverted="false" centered="false">
	<midi var="x" type="0" channel="1" data1="0" data2f="0" data2t="127" sysex=""/>
</control>
        <control name="ZmFkZXI2MQ==" x="28" y="850" w="200" h="50" color="yellow" scalef="0.0" scalet="1.0" type="faderh" response="absolute" inverted="false" centered="false">
	<midi var="x" type="0" channel="1" data1="0" data2f="0" data2t="127" sysex=""/>
</control>
        <control name="bGFiZWw1Ng==" x="178" y="750" w="50" h="100" color="yellow" type="labelv" text="UmV2ZXJzZQ==" size="17" background="true" outline="false"/>
        <control name="bGFiZWw1Nw==" x="628" y="850" w="50" h="50" color="yellow" type="labelv" text="R2E=" size="17" background="true" outline="false"/>
        <control name="bGFiZWw1OA==" x="628" y="900" w="50" h="50" color="yellow" type="labelv" text="RGlz" size="17" background="true" outline="false"/>
        <control name="bGFiZWw1OQ==" x="228" y="175" w="50" h="100" color="yellow" type="labelv" text="Q2hvaWNlcw==" size="17" background="true" outline="false"/>
        <control name="bGFiZWw2MA==" x="428" y="300" w="50" h="100" color="yellow" type="labelv" text="U2NhbGU=" size="17" background="true" outline="false"/>
        <control name="bGFiZWw2NA==" x="228" y="550" w="100" h="100" color="yellow" type="labelv" text="MQ==" size="48" background="true" outline="false"/>
    </tabpage>
    <tabpage name="Mg==" scalef="0.0" scalet="1.0" li_t="" li_c="gray" li_s="14" li_o="false" li_b="false" la_t="" la_c="gray" la_s="14" la_o="false" la_b="false">
        <control name="bXVsdGl0b2dnbGU1Mg==" x="628" y="450" w="50" h="100" color="red" scalef="0.0" scalet="1.0" type="multitoggle" number_x="1" number_y="2" ex_mode="false" local_off="false">
	<midi var="x" type="0" channel="1" data1="0" data2f="0" data2t="127" sysex=""/>

	<midi var="x" type="0" channel="1" data1="1" data2f="0" data2t="127" sysex=""/>
</control>
        <control name="ZmFkZXI0OA==" x="428" y="850" w="200" h="50" color="red" scalef="0.0" scalet="1.0" type="faderh" response="absolute" inverted="false" centered="false">
	<midi var="x" type="0" channel="1" data1="0" data2f="0" data2t="127" sysex=""/>
</control>
        <control name="ZmFkZXI0OQ==" x="275" y="150" w="200" h="50" color="red" scalef="0.0" scalet="1.0" type="faderh" response="absolute" inverted="false" centered="false">
	<midi var="x" type="0" channel="1" data1="0" data2f="0" data2t="127" sysex=""/>
</control>
        <control name="bGFiZWw0Mw==" x="678" y="450" w="50" h="100" color="red" type="labelv" text="UGl0Y2ggQXJw" size="17" background="true" outline="false"/>
        <control name="bGFiZWw0NA==" x="428" y="0" w="50" h="150" color="red" type="labelv" text="UGl0Y2ggUmFuZG9t" size="17" background="true" outline="false"/>
        <control name="ZmFkZXI1MA==" x="275" y="200" w="200" h="50" color="red" scalef="0.0" scalet="1.0" type="faderh" response="absolute" inverted="false" centered="false">
	<midi var="x" type="0" channel="1" data1="0" data2f="0" data2t="127" sysex=""/>
</control>
        <control name="ZmFkZXI1MQ==" x="275" y="250" w="200" h="50" color="red" scalef="0.0" scalet="1.0" type="faderh" response="absolute" inverted="false" centered="true">
	<midi var="x" type="0" channel="1" data1="0" data2f="0" data2t="127" sysex=""/>
</control>
        <control name="bXVsdGl0b2dnbGU1Mw==" x="628" y="0" w="50" h="100" color="red" scalef="0.0" scalet="1.0" type="multitoggle" number_x="1" number_y="2" ex_mode="false" local_off="false">
	<midi var="x" type="0" channel="1" data1="0" data2f="0" data2t="127" sysex=""/>

	<midi var="x" type="0" channel="1" data1="1" data2f="0" data2t="127" sysex=""/>
</control>
        <control name="bXVsdGl0b2dnbGU1NA==" x="428" y="451" w="100" h="400" color="red" scalef="0.0" scalet="1.0" type="multitoggle" number_x="1" number_y="8" ex_mode="false" local_off="false">
	<midi var="x" type="0" channel="1" data1="0" data2f="0" data2t="127" sysex=""/>

	<midi var="x" type="0" channel="1" data1="1" data2f="0" data2t="127" sysex=""/>

	<midi var="x" type="0" channel="1" data1="2" data2f="0" data2t="127" sysex=""/>

	<midi var="x" type="0" channel="1" data1="3" data2f="0" data2t="127" sysex=""/>

	<midi var="x" type="0" channel="1" data1="4" data2f="0" data2t="127" sysex=""/>

	<midi var="x" type="0" channel="1" data1="5" data2f="0" data2t="127" sysex=""/>

	<midi var="x" type="0" channel="1" data1="6" data2f="0" data2t="127" sysex=""/>

	<midi var="x" type="0" channel="1" data1="7" data2f="0" data2t="127" sysex=""/>
</control>
        <control name="bXVsdGl0b2dnbGU1NQ==" x="628" y="100" w="50" h="100" color="red" scalef="0.0" scalet="1.0" type="multitoggle" number_x="1" number_y="2" ex_mode="false" local_off="false">
	<midi var="x" type="0" channel="1" data1="0" data2f="0" data2t="127" sysex=""/>

	<midi var="x" type="0" channel="1" data1="1" data2f="0" data2t="127" sysex=""/>
</control>
        <control name="bGFiZWw0NQ==" x="678" y="0" w="50" h="100" color="red" type="labelv" text="R2F0ZSBBcnA=" size="17" background="true" outline="false"/>
        <control name="bXVsdGl0b2dnbGU1Ng==" x="78" y="0" w="100" h="400" color="red" scalef="0.0" scalet="1.0" type="multitoggle" number_x="1" number_y="8" ex_mode="false" local_off="false">
	<midi var="x" type="0" channel="1" data1="0" data2f="0" data2t="127" sysex=""/>

	<midi var="x" type="0" channel="1" data1="1" data2f="0" data2t="127" sysex=""/>

	<midi var="x" type="0" channel="1" data1="2" data2f="0" data2t="127" sysex=""/>

	<midi var="x" type="0" channel="1" data1="3" data2f="0" data2t="127" sysex=""/>

	<midi var="x" type="0" channel="1" data1="4" data2f="0" data2t="127" sysex=""/>

	<midi var="x" type="0" channel="1" data1="5" data2f="0" data2t="127" sysex=""/>

	<midi var="x" type="0" channel="1" data1="6" data2f="0" data2t="127" sysex=""/>

	<midi var="x" type="0" channel="1" data1="7" data2f="0" data2t="127" sysex=""/>
</control>
        <control name="bGFiZWw0Ng==" x="178" y="300" w="50" h="100" color="red" type="labelv" text="RGVsYXk=" size="17" background="true" outline="false"/>
        <control name="bXVsdGl0b2dnbGU1Nw==" x="528" y="0" w="100" h="400" color="red" scalef="0.0" scalet="1.0" type="multitoggle" number_x="1" number_y="8" ex_mode="false" local_off="false">
	<midi var="x" type="0" channel="1" data1="0" data2f="0" data2t="127" sysex=""/>

	<midi var="x" type="0" channel="1" data1="1" data2f="0" data2t="127" sysex=""/>

	<midi var="x" type="0" channel="1" data1="2" data2f="0" data2t="127" sysex=""/>

	<midi var="x" type="0" channel="1" data1="3" data2f="0" data2t="127" sysex=""/>

	<midi var="x" type="0" channel="1" data1="4" data2f="0" data2t="127" sysex=""/>

	<midi var="x" type="0" channel="1" data1="5" data2f="0" data2t="127" sysex=""/>

	<midi var="x" type="0" channel="1" data1="6" data2f="0" data2t="127" sysex=""/>

	<midi var="x" type="0" channel="1" data1="7" data2f="0" data2t="127" sysex=""/>
</control>
        <control name="bXVsdGl0b2dnbGU1OA==" x="528" y="450" w="100" h="400" color="red" scalef="0.0" scalet="1.0" type="multitoggle" number_x="1" number_y="8" ex_mode="false" local_off="false">
	<midi var="x" type="0" channel="1" data1="0" data2f="0" data2t="127" sysex=""/>

	<midi var="x" type="0" channel="1" data1="1" data2f="0" data2t="127" sysex=""/>

	<midi var="x" type="0" channel="1" data1="2" data2f="0" data2t="127" sysex=""/>

	<midi var="x" type="0" channel="1" data1="3" data2f="0" data2t="127" sysex=""/>

	<midi var="x" type="0" channel="1" data1="4" data2f="0" data2t="127" sysex=""/>

	<midi var="x" type="0" channel="1" data1="5" data2f="0" data2t="127" sysex=""/>

	<midi var="x" type="0" channel="1" data1="6" data2f="0" data2t="127" sysex=""/>

	<midi var="x" type="0" channel="1" data1="7" data2f="0" data2t="127" sysex=""/>
</control>
        <control name="bXVsdGl0b2dnbGU1OQ==" x="78" y="450" w="100" h="400" color="red" scalef="0.0" scalet="1.0" type="multitoggle" number_x="1" number_y="8" ex_mode="false" local_off="false">
	<midi var="x" type="0" channel="1" data1="0" data2f="0" data2t="127" sysex=""/>

	<midi var="x" type="0" channel="1" data1="1" data2f="0" data2t="127" sysex=""/>

	<midi var="x" type="0" channel="1" data1="2" data2f="0" data2t="127" sysex=""/>

	<midi var="x" type="0" channel="1" data1="3" data2f="0" data2t="127" sysex=""/>

	<midi var="x" type="0" channel="1" data1="4" data2f="0" data2t="127" sysex=""/>

	<midi var="x" type="0" channel="1" data1="5" data2f="0" data2t="127" sysex=""/>

	<midi var="x" type="0" channel="1" data1="6" data2f="0" data2t="127" sysex=""/>

	<midi var="x" type="0" channel="1" data1="7" data2f="0" data2t="127" sysex=""/>
</control>
        <control name="ZmFkZXI1Mg==" x="428" y="900" w="200" h="50" color="red" scalef="0.0" scalet="1.0" type="faderh" response="absolute" inverted="false" centered="false">
	<midi var="x" type="0" channel="1" data1="0" data2f="0" data2t="127" sysex=""/>
</control>
        <control name="ZmFkZXI1Mw==" x="28" y="400" w="200" h="50" color="red" scalef="0.0" scalet="1.0" type="faderh" response="absolute" inverted="false" centered="false">
	<midi var="x" type="0" channel="1" data1="0" data2f="0" data2t="127" sysex=""/>
</control>
        <control name="ZmFkZXI1NA==" x="28" y="850" w="200" h="50" color="red" scalef="0.0" scalet="1.0" type="faderh" response="absolute" inverted="false" centered="false">
	<midi var="x" type="0" channel="1" data1="0" data2f="0" data2t="127" sysex=""/>
</control>
        <control name="bGFiZWw0Nw==" x="178" y="750" w="50" h="100" color="red" type="labelv" text="UmV2ZXJzZQ==" size="17" background="true" outline="false"/>
        <control name="bGFiZWw0OA==" x="628" y="850" w="50" h="50" color="red" type="labelv" text="R2E=" size="17" background="true" outline="false"/>
        <control name="bGFiZWw0OQ==" x="628" y="900" w="50" h="50" color="red" type="labelv" text="RGlz" size="17" background="true" outline="false"/>
        <control name="bGFiZWw1MA==" x="228" y="175" w="50" h="100" color="red" type="labelv" text="Q2hvaWNlcw==" size="17" background="true" outline="false"/>
        <control name="bGFiZWw1MQ==" x="428" y="300" w="50" h="100" color="red" type="labelv" text="U2NhbGU=" size="17" background="true" outline="false"/>
        <control name="bGFiZWw2Mw==" x="278" y="550" w="100" h="100" color="red" type="labelv" text="Mg==" size="48" background="true" outline="false"/>
    </tabpage>
    <tabpage name="Mw==" scalef="0.0" scalet="1.0" li_t="" li_c="gray" li_s="14" li_o="false" li_b="false" la_t="" la_c="gray" la_s="14" la_o="false" la_b="false">
        <control name="bXVsdGl0b2dnbGUzNg==" x="628" y="450" w="50" h="100" color="green" scalef="0.0" scalet="1.0" type="multitoggle" number_x="1" number_y="2" ex_mode="false" local_off="false">
	<midi var="x" type="0" channel="1" data1="0" data2f="0" data2t="127" sysex=""/>

	<midi var="x" type="0" channel="1" data1="1" data2f="0" data2t="127" sysex=""/>
</control>
        <control name="ZmFkZXIzNA==" x="428" y="850" w="200" h="50" color="green" scalef="0.0" scalet="1.0" type="faderh" response="absolute" inverted="false" centered="false">
	<midi var="x" type="0" channel="1" data1="0" data2f="0" data2t="127" sysex=""/>
</control>
        <control name="ZmFkZXIzNQ==" x="275" y="150" w="200" h="50" color="green" scalef="0.0" scalet="1.0" type="faderh" response="absolute" inverted="false" centered="false">
	<midi var="x" type="0" channel="1" data1="0" data2f="0" data2t="127" sysex=""/>
</control>
        <control name="bGFiZWwyNQ==" x="678" y="450" w="50" h="100" color="green" type="labelv" text="UGl0Y2ggQXJw" size="17" background="true" outline="false"/>
        <control name="bGFiZWwyNg==" x="428" y="0" w="50" h="150" color="green" type="labelv" text="UGl0Y2ggUmFuZG9t" size="17" background="true" outline="false"/>
        <control name="ZmFkZXIzNg==" x="275" y="200" w="200" h="50" color="green" scalef="0.0" scalet="1.0" type="faderh" response="absolute" inverted="false" centered="false">
	<midi var="x" type="0" channel="1" data1="0" data2f="0" data2t="127" sysex=""/>
</control>
        <control name="ZmFkZXIzNw==" x="275" y="250" w="200" h="50" color="green" scalef="0.0" scalet="1.0" type="faderh" response="absolute" inverted="false" centered="true">
	<midi var="x" type="0" channel="1" data1="0" data2f="0" data2t="127" sysex=""/>
</control>
        <control name="bXVsdGl0b2dnbGUzNw==" x="628" y="0" w="50" h="100" color="green" scalef="0.0" scalet="1.0" type="multitoggle" number_x="1" number_y="2" ex_mode="false" local_off="false">
	<midi var="x" type="0" channel="1" data1="0" data2f="0" data2t="127" sysex=""/>

	<midi var="x" type="0" channel="1" data1="1" data2f="0" data2t="127" sysex=""/>
</control>
        <control name="bXVsdGl0b2dnbGUzOA==" x="428" y="451" w="100" h="400" color="green" scalef="0.0" scalet="1.0" type="multitoggle" number_x="1" number_y="8" ex_mode="false" local_off="false">
	<midi var="x" type="0" channel="1" data1="0" data2f="0" data2t="127" sysex=""/>

	<midi var="x" type="0" channel="1" data1="1" data2f="0" data2t="127" sysex=""/>

	<midi var="x" type="0" channel="1" data1="2" data2f="0" data2t="127" sysex=""/>

	<midi var="x" type="0" channel="1" data1="3" data2f="0" data2t="127" sysex=""/>

	<midi var="x" type="0" channel="1" data1="4" data2f="0" data2t="127" sysex=""/>

	<midi var="x" type="0" channel="1" data1="5" data2f="0" data2t="127" sysex=""/>

	<midi var="x" type="0" channel="1" data1="6" data2f="0" data2t="127" sysex=""/>

	<midi var="x" type="0" channel="1" data1="7" data2f="0" data2t="127" sysex=""/>
</control>
        <control name="bXVsdGl0b2dnbGUzOQ==" x="628" y="100" w="50" h="100" color="green" scalef="0.0" scalet="1.0" type="multitoggle" number_x="1" number_y="2" ex_mode="false" local_off="false">
	<midi var="x" type="0" channel="1" data1="0" data2f="0" data2t="127" sysex=""/>

	<midi var="x" type="0" channel="1" data1="1" data2f="0" data2t="127" sysex=""/>
</control>
        <control name="bGFiZWwyNw==" x="678" y="0" w="50" h="100" color="green" type="labelv" text="R2F0ZSBBcnA=" size="17" background="true" outline="false"/>
        <control name="bXVsdGl0b2dnbGU0MA==" x="78" y="0" w="100" h="400" color="green" scalef="0.0" scalet="1.0" type="multitoggle" number_x="1" number_y="8" ex_mode="false" local_off="false">
	<midi var="x" type="0" channel="1" data1="0" data2f="0" data2t="127" sysex=""/>

	<midi var="x" type="0" channel="1" data1="1" data2f="0" data2t="127" sysex=""/>

	<midi var="x" type="0" channel="1" data1="2" data2f="0" data2t="127" sysex=""/>

	<midi var="x" type="0" channel="1" data1="3" data2f="0" data2t="127" sysex=""/>

	<midi var="x" type="0" channel="1" data1="4" data2f="0" data2t="127" sysex=""/>

	<midi var="x" type="0" channel="1" data1="5" data2f="0" data2t="127" sysex=""/>

	<midi var="x" type="0" channel="1" data1="6" data2f="0" data2t="127" sysex=""/>

	<midi var="x" type="0" channel="1" data1="7" data2f="0" data2t="127" sysex=""/>
</control>
        <control name="bGFiZWwyOA==" x="178" y="300" w="50" h="100" color="green" type="labelv" text="RGVsYXk=" size="17" background="true" outline="false"/>
        <control name="bXVsdGl0b2dnbGU0MQ==" x="528" y="0" w="100" h="400" color="green" scalef="0.0" scalet="1.0" type="multitoggle" number_x="1" number_y="8" ex_mode="false" local_off="false">
	<midi var="x" type="0" channel="1" data1="0" data2f="0" data2t="127" sysex=""/>

	<midi var="x" type="0" channel="1" data1="1" data2f="0" data2t="127" sysex=""/>

	<midi var="x" type="0" channel="1" data1="2" data2f="0" data2t="127" sysex=""/>

	<midi var="x" type="0" channel="1" data1="3" data2f="0" data2t="127" sysex=""/>

	<midi var="x" type="0" channel="1" data1="4" data2f="0" data2t="127" sysex=""/>

	<midi var="x" type="0" channel="1" data1="5" data2f="0" data2t="127" sysex=""/>

	<midi var="x" type="0" channel="1" data1="6" data2f="0" data2t="127" sysex=""/>

	<midi var="x" type="0" channel="1" data1="7" data2f="0" data2t="127" sysex=""/>
</control>
        <control name="bXVsdGl0b2dnbGU0Mg==" x="528" y="450" w="100" h="400" color="green" scalef="0.0" scalet="1.0" type="multitoggle" number_x="1" number_y="8" ex_mode="false" local_off="false">
	<midi var="x" type="0" channel="1" data1="0" data2f="0" data2t="127" sysex=""/>

	<midi var="x" type="0" channel="1" data1="1" data2f="0" data2t="127" sysex=""/>

	<midi var="x" type="0" channel="1" data1="2" data2f="0" data2t="127" sysex=""/>

	<midi var="x" type="0" channel="1" data1="3" data2f="0" data2t="127" sysex=""/>

	<midi var="x" type="0" channel="1" data1="4" data2f="0" data2t="127" sysex=""/>

	<midi var="x" type="0" channel="1" data1="5" data2f="0" data2t="127" sysex=""/>

	<midi var="x" type="0" channel="1" data1="6" data2f="0" data2t="127" sysex=""/>

	<midi var="x" type="0" channel="1" data1="7" data2f="0" data2t="127" sysex=""/>
</control>
        <control name="bXVsdGl0b2dnbGU0Mw==" x="78" y="450" w="100" h="400" color="green" scalef="0.0" scalet="1.0" type="multitoggle" number_x="1" number_y="8" ex_mode="false" local_off="false">
	<midi var="x" type="0" channel="1" data1="0" data2f="0" data2t="127" sysex=""/>

	<midi var="x" type="0" channel="1" data1="1" data2f="0" data2t="127" sysex=""/>

	<midi var="x" type="0" channel="1" data1="2" data2f="0" data2t="127" sysex=""/>

	<midi var="x" type="0" channel="1" data1="3" data2f="0" data2t="127" sysex=""/>

	<midi var="x" type="0" channel="1" data1="4" data2f="0" data2t="127" sysex=""/>

	<midi var="x" type="0" channel="1" data1="5" data2f="0" data2t="127" sysex=""/>

	<midi var="x" type="0" channel="1" data1="6" data2f="0" data2t="127" sysex=""/>

	<midi var="x" type="0" channel="1" data1="7" data2f="0" data2t="127" sysex=""/>
</control>
        <control name="ZmFkZXIzOA==" x="428" y="900" w="200" h="50" color="green" scalef="0.0" scalet="1.0" type="faderh" response="absolute" inverted="false" centered="false">
	<midi var="x" type="0" channel="1" data1="0" data2f="0" data2t="127" sysex=""/>
</control>
        <control name="ZmFkZXIzOQ==" x="28" y="400" w="200" h="50" color="green" scalef="0.0" scalet="1.0" type="faderh" response="absolute" inverted="false" centered="false">
	<midi var="x" type="0" channel="1" data1="0" data2f="0" data2t="127" sysex=""/>
</control>
        <control name="ZmFkZXI0MA==" x="28" y="850" w="200" h="50" color="green" scalef="0.0" scalet="1.0" type="faderh" response="absolute" inverted="false" centered="false">
	<midi var="x" type="0" channel="1" data1="0" data2f="0" data2t="127" sysex=""/>
</control>
        <control name="bGFiZWwyOQ==" x="178" y="750" w="50" h="100" color="green" type="labelv" text="UmV2ZXJzZQ==" size="17" background="true" outline="false"/>
        <control name="bGFiZWwzMA==" x="628" y="850" w="50" h="50" color="green" type="labelv" text="R2E=" size="17" background="true" outline="false"/>
        <control name="bGFiZWwzMQ==" x="628" y="900" w="50" h="50" color="green" type="labelv" text="RGlz" size="17" background="true" outline="false"/>
        <control name="bGFiZWwzMg==" x="228" y="175" w="50" h="100" color="green" type="labelv" text="Q2hvaWNlcw==" size="17" background="true" outline="false"/>
        <control name="bGFiZWwzMw==" x="428" y="300" w="50" h="100" color="green" type="labelv" text="U2NhbGU=" size="17" background="true" outline="false"/>
        <control name="bGFiZWw2Mg==" x="278" y="550" w="100" h="100" color="green" type="labelv" text="Mw==" size="48" background="true" outline="false"/>
    </tabpage>
    <tabpage name="NA==" scalef="0.0" scalet="1.0" li_t="" li_c="gray" li_s="14" li_o="false" li_b="false" la_t="" la_c="gray" la_s="14" la_o="false" la_b="false">
        <control name="bXVsdGl0b2dnbGUyOA==" x="628" y="450" w="50" h="100" color="blue" scalef="0.0" scalet="1.0" type="multitoggle" number_x="1" number_y="2" ex_mode="false" local_off="false">
	<midi var="x" type="0" channel="1" data1="0" data2f="0" data2t="127" sysex=""/>

	<midi var="x" type="0" channel="1" data1="1" data2f="0" data2t="127" sysex=""/>
</control>
        <control name="ZmFkZXIyNw==" x="428" y="850" w="200" h="50" color="blue" scalef="0.0" scalet="1.0" type="faderh" response="absolute" inverted="false" centered="false">
	<midi var="x" type="0" channel="1" data1="0" data2f="0" data2t="127" sysex=""/>
</control>
        <control name="ZmFkZXIyOA==" x="275" y="150" w="200" h="50" color="blue" scalef="0.0" scalet="1.0" type="faderh" response="absolute" inverted="false" centered="false">
	<midi var="x" type="0" channel="1" data1="0" data2f="0" data2t="127" sysex=""/>
</control>
        <control name="bGFiZWwxNg==" x="678" y="450" w="50" h="100" color="blue" type="labelv" text="UGl0Y2ggQXJw" size="17" background="true" outline="false"/>
        <control name="bGFiZWwxNw==" x="428" y="0" w="50" h="150" color="blue" type="labelv" text="UGl0Y2ggUmFuZG9t" size="17" background="true" outline="false"/>
        <control name="ZmFkZXIyOQ==" x="275" y="200" w="200" h="50" color="blue" scalef="0.0" scalet="1.0" type="faderh" response="absolute" inverted="false" centered="false">
	<midi var="x" type="0" channel="1" data1="0" data2f="0" data2t="127" sysex=""/>
</control>
        <control name="ZmFkZXIzMA==" x="275" y="250" w="200" h="50" color="blue" scalef="0.0" scalet="1.0" type="faderh" response="absolute" inverted="false" centered="true">
	<midi var="x" type="0" channel="1" data1="0" data2f="0" data2t="127" sysex=""/>
</control>
        <control name="bXVsdGl0b2dnbGUyOQ==" x="628" y="0" w="50" h="100" color="blue" scalef="0.0" scalet="1.0" type="multitoggle" number_x="1" number_y="2" ex_mode="false" local_off="false">
	<midi var="x" type="0" channel="1" data1="0" data2f="0" data2t="127" sysex=""/>

	<midi var="x" type="0" channel="1" data1="1" data2f="0" data2t="127" sysex=""/>
</control>
        <control name="bXVsdGl0b2dnbGUzMA==" x="428" y="451" w="100" h="400" color="blue" scalef="0.0" scalet="1.0" type="multitoggle" number_x="1" number_y="8" ex_mode="false" local_off="false">
	<midi var="x" type="0" channel="1" data1="0" data2f="0" data2t="127" sysex=""/>

	<midi var="x" type="0" channel="1" data1="1" data2f="0" data2t="127" sysex=""/>

	<midi var="x" type="0" channel="1" data1="2" data2f="0" data2t="127" sysex=""/>

	<midi var="x" type="0" channel="1" data1="3" data2f="0" data2t="127" sysex=""/>

	<midi var="x" type="0" channel="1" data1="4" data2f="0" data2t="127" sysex=""/>

	<midi var="x" type="0" channel="1" data1="5" data2f="0" data2t="127" sysex=""/>

	<midi var="x" type="0" channel="1" data1="6" data2f="0" data2t="127" sysex=""/>

	<midi var="x" type="0" channel="1" data1="7" data2f="0" data2t="127" sysex=""/>
</control>
        <control name="bXVsdGl0b2dnbGUzMQ==" x="628" y="100" w="50" h="100" color="blue" scalef="0.0" scalet="1.0" type="multitoggle" number_x="1" number_y="2" ex_mode="false" local_off="false">
	<midi var="x" type="0" channel="1" data1="0" data2f="0" data2t="127" sysex=""/>

	<midi var="x" type="0" channel="1" data1="1" data2f="0" data2t="127" sysex=""/>
</control>
        <control name="bGFiZWwxOA==" x="678" y="0" w="50" h="100" color="blue" type="labelv" text="R2F0ZSBBcnA=" size="17" background="true" outline="false"/>
        <control name="bXVsdGl0b2dnbGUzMg==" x="78" y="0" w="100" h="400" color="blue" scalef="0.0" scalet="1.0" type="multitoggle" number_x="1" number_y="8" ex_mode="false" local_off="false">
	<midi var="x" type="0" channel="1" data1="0" data2f="0" data2t="127" sysex=""/>

	<midi var="x" type="0" channel="1" data1="1" data2f="0" data2t="127" sysex=""/>

	<midi var="x" type="0" channel="1" data1="2" data2f="0" data2t="127" sysex=""/>

	<midi var="x" type="0" channel="1" data1="3" data2f="0" data2t="127" sysex=""/>

	<midi var="x" type="0" channel="1" data1="4" data2f="0" data2t="127" sysex=""/>

	<midi var="x" type="0" channel="1" data1="5" data2f="0" data2t="127" sysex=""/>

	<midi var="x" type="0" channel="1" data1="6" data2f="0" data2t="127" sysex=""/>

	<midi var="x" type="0" channel="1" data1="7" data2f="0" data2t="127" sysex=""/>
</control>
        <control name="bGFiZWwxOQ==" x="178" y="300" w="50" h="100" color="blue" type="labelv" text="RGVsYXk=" size="17" background="true" outline="false"/>
        <control name="bXVsdGl0b2dnbGUzMw==" x="528" y="0" w="100" h="400" color="blue" scalef="0.0" scalet="1.0" type="multitoggle" number_x="1" number_y="8" ex_mode="false" local_off="false">
	<midi var="x" type="0" channel="1" data1="0" data2f="0" data2t="127" sysex=""/>

	<midi var="x" type="0" channel="1" data1="1" data2f="0" data2t="127" sysex=""/>

	<midi var="x" type="0" channel="1" data1="2" data2f="0" data2t="127" sysex=""/>

	<midi var="x" type="0" channel="1" data1="3" data2f="0" data2t="127" sysex=""/>

	<midi var="x" type="0" channel="1" data1="4" data2f="0" data2t="127" sysex=""/>

	<midi var="x" type="0" channel="1" data1="5" data2f="0" data2t="127" sysex=""/>

	<midi var="x" type="0" channel="1" data1="6" data2f="0" data2t="127" sysex=""/>

	<midi var="x" type="0" channel="1" data1="7" data2f="0" data2t="127" sysex=""/>
</control>
        <control name="bXVsdGl0b2dnbGUzNA==" x="528" y="450" w="100" h="400" color="blue" scalef="0.0" scalet="1.0" type="multitoggle" number_x="1" number_y="8" ex_mode="false" local_off="false">
	<midi var="x" type="0" channel="1" data1="0" data2f="0" data2t="127" sysex=""/>

	<midi var="x" type="0" channel="1" data1="1" data2f="0" data2t="127" sysex=""/>

	<midi var="x" type="0" channel="1" data1="2" data2f="0" data2t="127" sysex=""/>

	<midi var="x" type="0" channel="1" data1="3" data2f="0" data2t="127" sysex=""/>

	<midi var="x" type="0" channel="1" data1="4" data2f="0" data2t="127" sysex=""/>

	<midi var="x" type="0" channel="1" data1="5" data2f="0" data2t="127" sysex=""/>

	<midi var="x" type="0" channel="1" data1="6" data2f="0" data2t="127" sysex=""/>

	<midi var="x" type="0" channel="1" data1="7" data2f="0" data2t="127" sysex=""/>
</control>
        <control name="bXVsdGl0b2dnbGUzNQ==" x="78" y="450" w="100" h="400" color="blue" scalef="0.0" scalet="1.0" type="multitoggle" number_x="1" number_y="8" ex_mode="false" local_off="false">
	<midi var="x" type="0" channel="1" data1="0" data2f="0" data2t="127" sysex=""/>

	<midi var="x" type="0" channel="1" data1="1" data2f="0" data2t="127" sysex=""/>

	<midi var="x" type="0" channel="1" data1="2" data2f="0" data2t="127" sysex=""/>

	<midi var="x" type="0" channel="1" data1="3" data2f="0" data2t="127" sysex=""/>

	<midi var="x" type="0" channel="1" data1="4" data2f="0" data2t="127" sysex=""/>

	<midi var="x" type="0" channel="1" data1="5" data2f="0" data2t="127" sysex=""/>

	<midi var="x" type="0" channel="1" data1="6" data2f="0" data2t="127" sysex=""/>

	<midi var="x" type="0" channel="1" data1="7" data2f="0" data2t="127" sysex=""/>
</control>
        <control name="ZmFkZXIzMQ==" x="428" y="900" w="200" h="50" color="blue" scalef="0.0" scalet="1.0" type="faderh" response="absolute" inverted="false" centered="false">
	<midi var="x" type="0" channel="1" data1="0" data2f="0" data2t="127" sysex=""/>
</control>
        <control name="ZmFkZXIzMg==" x="28" y="400" w="200" h="50" color="blue" scalef="0.0" scalet="1.0" type="faderh" response="absolute" inverted="false" centered="false">
	<midi var="x" type="0" channel="1" data1="0" data2f="0" data2t="127" sysex=""/>
</control>
        <control name="ZmFkZXIzMw==" x="28" y="850" w="200" h="50" color="blue" scalef="0.0" scalet="1.0" type="faderh" response="absolute" inverted="false" centered="false">
	<midi var="x" type="0" channel="1" data1="0" data2f="0" data2t="127" sysex=""/>
</control>
        <control name="bGFiZWwyMA==" x="178" y="750" w="50" h="100" color="blue" type="labelv" text="UmV2ZXJzZQ==" size="17" background="true" outline="false"/>
        <control name="bGFiZWwyMQ==" x="628" y="850" w="50" h="50" color="blue" type="labelv" text="R2E=" size="17" background="true" outline="false"/>
        <control name="bGFiZWwyMg==" x="628" y="900" w="50" h="50" color="blue" type="labelv" text="RGlz" size="17" background="true" outline="false"/>
        <control name="bGFiZWwyMw==" x="228" y="175" w="50" h="100" color="blue" type="labelv" text="Q2hvaWNlcw==" size="17" background="true" outline="false"/>
        <control name="bGFiZWwyNA==" x="428" y="300" w="50" h="100" color="blue" type="labelv" text="U2NhbGU=" size="17" background="true" outline="false"/>
        <control name="bGFiZWw2MQ==" x="278" y="550" w="100" h="100" color="blue" type="labelv" text="NA==" size="48" background="true" outline="false"/>
    </tabpage>
    <tabpage name="NQ==" scalef="0.0" scalet="1.0" li_t="" li_c="gray" li_s="14" li_o="false" li_b="false" la_t="" la_c="gray" la_s="14" la_o="false" la_b="false">
        <control name="bXVsdGl0b2dnbGU2OA==" x="628" y="450" w="50" h="100" color="purple" scalef="0.0" scalet="1.0" type="multitoggle" number_x="1" number_y="2" ex_mode="false" local_off="false">
	<midi var="x" type="0" channel="1" data1="0" data2f="0" data2t="127" sysex=""/>

	<midi var="x" type="0" channel="1" data1="1" data2f="0" data2t="127" sysex=""/>
</control>
        <control name="ZmFkZXI2Mg==" x="428" y="850" w="200" h="50" color="purple" scalef="0.0" scalet="1.0" type="faderh" response="absolute" inverted="false" centered="false">
	<midi var="x" type="0" channel="1" data1="0" data2f="0" data2t="127" sysex=""/>
</control>
        <control name="ZmFkZXI2Mw==" x="275" y="150" w="200" h="50" color="purple" scalef="0.0" scalet="1.0" type="faderh" response="absolute" inverted="false" centered="false">
	<midi var="x" type="0" channel="1" data1="0" data2f="0" data2t="127" sysex=""/>
</control>
        <control name="bGFiZWw2Ng==" x="678" y="450" w="50" h="100" color="purple" type="labelv" text="UGl0Y2ggQXJw" size="17" background="true" outline="false"/>
        <control name="bGFiZWw2Nw==" x="428" y="0" w="50" h="150" color="purple" type="labelv" text="UGl0Y2ggUmFuZG9t" size="17" background="true" outline="false"/>
        <control name="ZmFkZXI2NA==" x="275" y="200" w="200" h="50" color="purple" scalef="0.0" scalet="1.0" type="faderh" response="absolute" inverted="false" centered="false">
	<midi var="x" type="0" channel="1" data1="0" data2f="0" data2t="127" sysex=""/>
</control>
        <control name="ZmFkZXI2NQ==" x="275" y="250" w="200" h="50" color="purple" scalef="0.0" scalet="1.0" type="faderh" response="absolute" inverted="false" centered="true">
	<midi var="x" type="0" channel="1" data1="0" data2f="0" data2t="127" sysex=""/>
</control>
        <control name="bXVsdGl0b2dnbGU2OQ==" x="628" y="0" w="50" h="100" color="purple" scalef="0.0" scalet="1.0" type="multitoggle" number_x="1" number_y="2" ex_mode="false" local_off="false">
	<midi var="x" type="0" channel="1" data1="0" data2f="0" data2t="127" sysex=""/>

	<midi var="x" type="0" channel="1" data1="1" data2f="0" data2t="127" sysex=""/>
</control>
        <control name="bXVsdGl0b2dnbGU3MA==" x="428" y="451" w="100" h="400" color="purple" scalef="0.0" scalet="1.0" type="multitoggle" number_x="1" number_y="8" ex_mode="false" local_off="false">
	<midi var="x" type="0" channel="1" data1="0" data2f="0" data2t="127" sysex=""/>

	<midi var="x" type="0" channel="1" data1="1" data2f="0" data2t="127" sysex=""/>

	<midi var="x" type="0" channel="1" data1="2" data2f="0" data2t="127" sysex=""/>

	<midi var="x" type="0" channel="1" data1="3" data2f="0" data2t="127" sysex=""/>

	<midi var="x" type="0" channel="1" data1="4" data2f="0" data2t="127" sysex=""/>

	<midi var="x" type="0" channel="1" data1="5" data2f="0" data2t="127" sysex=""/>

	<midi var="x" type="0" channel="1" data1="6" data2f="0" data2t="127" sysex=""/>

	<midi var="x" type="0" channel="1" data1="7" data2f="0" data2t="127" sysex=""/>
</control>
        <control name="bXVsdGl0b2dnbGU3MQ==" x="628" y="100" w="50" h="100" color="purple" scalef="0.0" scalet="1.0" type="multitoggle" number_x="1" number_y="2" ex_mode="false" local_off="false">
	<midi var="x" type="0" channel="1" data1="0" data2f="0" data2t="127" sysex=""/>

	<midi var="x" type="0" channel="1" data1="1" data2f="0" data2t="127" sysex=""/>
</control>
        <control name="bGFiZWw2OA==" x="678" y="0" w="50" h="100" color="purple" type="labelv" text="R2F0ZSBBcnA=" size="17" background="true" outline="false"/>
        <control name="bXVsdGl0b2dnbGU3Mg==" x="78" y="0" w="100" h="400" color="purple" scalef="0.0" scalet="1.0" type="multitoggle" number_x="1" number_y="8" ex_mode="false" local_off="false">
	<midi var="x" type="0" channel="1" data1="0" data2f="0" data2t="127" sysex=""/>

	<midi var="x" type="0" channel="1" data1="1" data2f="0" data2t="127" sysex=""/>

	<midi var="x" type="0" channel="1" data1="2" data2f="0" data2t="127" sysex=""/>

	<midi var="x" type="0" channel="1" data1="3" data2f="0" data2t="127" sysex=""/>

	<midi var="x" type="0" channel="1" data1="4" data2f="0" data2t="127" sysex=""/>

	<midi var="x" type="0" channel="1" data1="5" data2f="0" data2t="127" sysex=""/>

	<midi var="x" type="0" channel="1" data1="6" data2f="0" data2t="127" sysex=""/>

	<midi var="x" type="0" channel="1" data1="7" data2f="0" data2t="127" sysex=""/>
</control>
        <control name="bGFiZWw2OQ==" x="178" y="300" w="50" h="100" color="purple" type="labelv" text="RGVsYXk=" size="17" background="true" outline="false"/>
        <control name="bXVsdGl0b2dnbGU3Mw==" x="528" y="0" w="100" h="400" color="purple" scalef="0.0" scalet="1.0" type="multitoggle" number_x="1" number_y="8" ex_mode="false" local_off="false">
	<midi var="x" type="0" channel="1" data1="0" data2f="0" data2t="127" sysex=""/>

	<midi var="x" type="0" channel="1" data1="1" data2f="0" data2t="127" sysex=""/>

	<midi var="x" type="0" channel="1" data1="2" data2f="0" data2t="127" sysex=""/>

	<midi var="x" type="0" channel="1" data1="3" data2f="0" data2t="127" sysex=""/>

	<midi var="x" type="0" channel="1" data1="4" data2f="0" data2t="127" sysex=""/>

	<midi var="x" type="0" channel="1" data1="5" data2f="0" data2t="127" sysex=""/>

	<midi var="x" type="0" channel="1" data1="6" data2f="0" data2t="127" sysex=""/>

	<midi var="x" type="0" channel="1" data1="7" data2f="0" data2t="127" sysex=""/>
</control>
        <control name="bXVsdGl0b2dnbGU3NA==" x="528" y="450" w="100" h="400" color="purple" scalef="0.0" scalet="1.0" type="multitoggle" number_x="1" number_y="8" ex_mode="false" local_off="false">
	<midi var="x" type="0" channel="1" data1="0" data2f="0" data2t="127" sysex=""/>

	<midi var="x" type="0" channel="1" data1="1" data2f="0" data2t="127" sysex=""/>

	<midi var="x" type="0" channel="1" data1="2" data2f="0" data2t="127" sysex=""/>

	<midi var="x" type="0" channel="1" data1="3" data2f="0" data2t="127" sysex=""/>

	<midi var="x" type="0" channel="1" data1="4" data2f="0" data2t="127" sysex=""/>

	<midi var="x" type="0" channel="1" data1="5" data2f="0" data2t="127" sysex=""/>

	<midi var="x" type="0" channel="1" data1="6" data2f="0" data2t="127" sysex=""/>

	<midi var="x" type="0" channel="1" data1="7" data2f="0" data2t="127" sysex=""/>
</control>
        <control name="bXVsdGl0b2dnbGU3NQ==" x="78" y="450" w="100" h="400" color="purple" scalef="0.0" scalet="1.0" type="multitoggle" number_x="1" number_y="8" ex_mode="false" local_off="false">
	<midi var="x" type="0" channel="1" data1="0" data2f="0" data2t="127" sysex=""/>

	<midi var="x" type="0" channel="1" data1="1" data2f="0" data2t="127" sysex=""/>

	<midi var="x" type="0" channel="1" data1="2" data2f="0" data2t="127" sysex=""/>

	<midi var="x" type="0" channel="1" data1="3" data2f="0" data2t="127" sysex=""/>

	<midi var="x" type="0" channel="1" data1="4" data2f="0" data2t="127" sysex=""/>

	<midi var="x" type="0" channel="1" data1="5" data2f="0" data2t="127" sysex=""/>

	<midi var="x" type="0" channel="1" data1="6" data2f="0" data2t="127" sysex=""/>

	<midi var="x" type="0" channel="1" data1="7" data2f="0" data2t="127" sysex=""/>
</control>
        <control name="ZmFkZXI2Ng==" x="428" y="900" w="200" h="50" color="purple" scalef="0.0" scalet="1.0" type="faderh" response="absolute" inverted="false" centered="false">
	<midi var="x" type="0" channel="1" data1="0" data2f="0" data2t="127" sysex=""/>
</control>
        <control name="ZmFkZXI2Nw==" x="28" y="400" w="200" h="50" color="purple" scalef="0.0" scalet="1.0" type="faderh" response="absolute" inverted="false" centered="false">
	<midi var="x" type="0" channel="1" data1="0" data2f="0" data2t="127" sysex=""/>
</control>
        <control name="ZmFkZXI2OA==" x="28" y="850" w="200" h="50" color="purple" scalef="0.0" scalet="1.0" type="faderh" response="absolute" inverted="false" centered="false">
	<midi var="x" type="0" channel="1" data1="0" data2f="0" data2t="127" sysex=""/>
</control>
        <control name="bGFiZWw3MA==" x="178" y="750" w="50" h="100" color="purple" type="labelv" text="UmV2ZXJzZQ==" size="17" background="true" outline="false"/>
        <control name="bGFiZWw3MQ==" x="628" y="850" w="50" h="50" color="purple" type="labelv" text="R2E=" size="17" background="true" outline="false"/>
        <control name="bGFiZWw3Mg==" x="628" y="900" w="50" h="50" color="purple" type="labelv" text="RGlz" size="17" background="true" outline="false"/>
        <control name="bGFiZWw3Mw==" x="228" y="175" w="50" h="100" color="purple" type="labelv" text="Q2hvaWNlcw==" size="17" background="true" outline="false"/>
        <control name="bGFiZWw3NA==" x="428" y="300" w="50" h="100" color="purple" type="labelv" text="U2NhbGU=" size="17" background="true" outline="false"/>
        <control name="bGFiZWw3NQ==" x="278" y="550" w="100" h="100" color="purple" type="labelv" text="NQ==" size="48" background="true" outline="false"/>
    </tabpage>
    <tabpage name="Ng==" scalef="0.0" scalet="1.0" li_t="" li_c="gray" li_s="14" li_o="false" li_b="false" la_t="" la_c="gray" la_s="14" la_o="false" la_b="false">
        <control name="bXVsdGl0b2dnbGU3Ng==" x="628" y="450" w="50" h="100" color="gray" scalef="0.0" scalet="1.0" type="multitoggle" number_x="1" number_y="2" ex_mode="false" local_off="false">
	<midi var="x" type="0" channel="1" data1="0" data2f="0" data2t="127" sysex=""/>

	<midi var="x" type="0" channel="1" data1="1" data2f="0" data2t="127" sysex=""/>
</control>
        <control name="ZmFkZXI2OQ==" x="428" y="850" w="200" h="50" color="gray" scalef="0.0" scalet="1.0" type="faderh" response="absolute" inverted="false" centered="false">
	<midi var="x" type="0" channel="1" data1="0" data2f="0" data2t="127" sysex=""/>
</control>
        <control name="ZmFkZXI3MA==" x="275" y="150" w="200" h="50" color="gray" scalef="0.0" scalet="1.0" type="faderh" response="absolute" inverted="false" centered="false">
	<midi var="x" type="0" channel="1" data1="0" data2f="0" data2t="127" sysex=""/>
</control>
        <control name="bGFiZWw3Ng==" x="678" y="450" w="50" h="100" color="gray" type="labelv" text="UGl0Y2ggQXJw" size="17" background="true" outline="false"/>
        <control name="bGFiZWw3Nw==" x="428" y="0" w="50" h="150" color="gray" type="labelv" text="UGl0Y2ggUmFuZG9t" size="17" background="true" outline="false"/>
        <control name="ZmFkZXI3MQ==" x="275" y="200" w="200" h="50" color="gray" scalef="0.0" scalet="1.0" type="faderh" response="absolute" inverted="false" centered="false">
	<midi var="x" type="0" channel="1" data1="0" data2f="0" data2t="127" sysex=""/>
</control>
        <control name="ZmFkZXI3Mg==" x="275" y="250" w="200" h="50" color="gray" scalef="0.0" scalet="1.0" type="faderh" response="absolute" inverted="false" centered="true">
	<midi var="x" type="0" channel="1" data1="0" data2f="0" data2t="127" sysex=""/>
</control>
        <control name="bXVsdGl0b2dnbGU3Nw==" x="628" y="0" w="50" h="100" color="gray" scalef="0.0" scalet="1.0" type="multitoggle" number_x="1" number_y="2" ex_mode="false" local_off="false">
	<midi var="x" type="0" channel="1" data1="0" data2f="0" data2t="127" sysex=""/>

	<midi var="x" type="0" channel="1" data1="1" data2f="0" data2t="127" sysex=""/>
</control>
        <control name="bXVsdGl0b2dnbGU3OA==" x="428" y="451" w="100" h="400" color="gray" scalef="0.0" scalet="1.0" type="multitoggle" number_x="1" number_y="8" ex_mode="false" local_off="false">
	<midi var="x" type="0" channel="1" data1="0" data2f="0" data2t="127" sysex=""/>

	<midi var="x" type="0" channel="1" data1="1" data2f="0" data2t="127" sysex=""/>

	<midi var="x" type="0" channel="1" data1="2" data2f="0" data2t="127" sysex=""/>

	<midi var="x" type="0" channel="1" data1="3" data2f="0" data2t="127" sysex=""/>

	<midi var="x" type="0" channel="1" data1="4" data2f="0" data2t="127" sysex=""/>

	<midi var="x" type="0" channel="1" data1="5" data2f="0" data2t="127" sysex=""/>

	<midi var="x" type="0" channel="1" data1="6" data2f="0" data2t="127" sysex=""/>

	<midi var="x" type="0" channel="1" data1="7" data2f="0" data2t="127" sysex=""/>
</control>
        <control name="bXVsdGl0b2dnbGU3OQ==" x="628" y="100" w="50" h="100" color="gray" scalef="0.0" scalet="1.0" type="multitoggle" number_x="1" number_y="2" ex_mode="false" local_off="false">
	<midi var="x" type="0" channel="1" data1="0" data2f="0" data2t="127" sysex=""/>

	<midi var="x" type="0" channel="1" data1="1" data2f="0" data2t="127" sysex=""/>
</control>
        <control name="bGFiZWw3OA==" x="678" y="0" w="50" h="100" color="gray" type="labelv" text="R2F0ZSBBcnA=" size="17" background="true" outline="false"/>
        <control name="bXVsdGl0b2dnbGU4MA==" x="78" y="0" w="100" h="400" color="gray" scalef="0.0" scalet="1.0" type="multitoggle" number_x="1" number_y="8" ex_mode="false" local_off="false">
	<midi var="x" type="0" channel="1" data1="0" data2f="0" data2t="127" sysex=""/>

	<midi var="x" type="0" channel="1" data1="1" data2f="0" data2t="127" sysex=""/>

	<midi var="x" type="0" channel="1" data1="2" data2f="0" data2t="127" sysex=""/>

	<midi var="x" type="0" channel="1" data1="3" data2f="0" data2t="127" sysex=""/>

	<midi var="x" type="0" channel="1" data1="4" data2f="0" data2t="127" sysex=""/>

	<midi var="x" type="0" channel="1" data1="5" data2f="0" data2t="127" sysex=""/>

	<midi var="x" type="0" channel="1" data1="6" data2f="0" data2t="127" sysex=""/>

	<midi var="x" type="0" channel="1" data1="7" data2f="0" data2t="127" sysex=""/>
</control>
        <control name="bGFiZWw3OQ==" x="178" y="300" w="50" h="100" color="gray" type="labelv" text="RGVsYXk=" size="17" background="true" outline="false"/>
        <control name="bXVsdGl0b2dnbGU4MQ==" x="528" y="0" w="100" h="400" color="gray" scalef="0.0" scalet="1.0" type="multitoggle" number_x="1" number_y="8" ex_mode="false" local_off="false">
	<midi var="x" type="0" channel="1" data1="0" data2f="0" data2t="127" sysex=""/>

	<midi var="x" type="0" channel="1" data1="1" data2f="0" data2t="127" sysex=""/>

	<midi var="x" type="0" channel="1" data1="2" data2f="0" data2t="127" sysex=""/>

	<midi var="x" type="0" channel="1" data1="3" data2f="0" data2t="127" sysex=""/>

	<midi var="x" type="0" channel="1" data1="4" data2f="0" data2t="127" sysex=""/>

	<midi var="x" type="0" channel="1" data1="5" data2f="0" data2t="127" sysex=""/>

	<midi var="x" type="0" channel="1" data1="6" data2f="0" data2t="127" sysex=""/>

	<midi var="x" type="0" channel="1" data1="7" data2f="0" data2t="127" sysex=""/>
</control>
        <control name="bXVsdGl0b2dnbGU4Mg==" x="528" y="450" w="100" h="400" color="gray" scalef="0.0" scalet="1.0" type="multitoggle" number_x="1" number_y="8" ex_mode="false" local_off="false">
	<midi var="x" type="0" channel="1" data1="0" data2f="0" data2t="127" sysex=""/>

	<midi var="x" type="0" channel="1" data1="1" data2f="0" data2t="127" sysex=""/>

	<midi var="x" type="0" channel="1" data1="2" data2f="0" data2t="127" sysex=""/>

	<midi var="x" type="0" channel="1" data1="3" data2f="0" data2t="127" sysex=""/>

	<midi var="x" type="0" channel="1" data1="4" data2f="0" data2t="127" sysex=""/>

	<midi var="x" type="0" channel="1" data1="5" data2f="0" data2t="127" sysex=""/>

	<midi var="x" type="0" channel="1" data1="6" data2f="0" data2t="127" sysex=""/>

	<midi var="x" type="0" channel="1" data1="7" data2f="0" data2t="127" sysex=""/>
</control>
        <control name="bXVsdGl0b2dnbGU4Mw==" x="78" y="450" w="100" h="400" color="gray" scalef="0.0" scalet="1.0" type="multitoggle" number_x="1" number_y="8" ex_mode="false" local_off="false">
	<midi var="x" type="0" channel="1" data1="0" data2f="0" data2t="127" sysex=""/>

	<midi var="x" type="0" channel="1" data1="1" data2f="0" data2t="127" sysex=""/>

	<midi var="x" type="0" channel="1" data1="2" data2f="0" data2t="127" sysex=""/>

	<midi var="x" type="0" channel="1" data1="3" data2f="0" data2t="127" sysex=""/>

	<midi var="x" type="0" channel="1" data1="4" data2f="0" data2t="127" sysex=""/>

	<midi var="x" type="0" channel="1" data1="5" data2f="0" data2t="127" sysex=""/>

	<midi var="x" type="0" channel="1" data1="6" data2f="0" data2t="127" sysex=""/>

	<midi var="x" type="0" channel="1" data1="7" data2f="0" data2t="127" sysex=""/>
</control>
        <control name="ZmFkZXI3Mw==" x="428" y="900" w="200" h="50" color="gray" scalef="0.0" scalet="1.0" type="faderh" response="absolute" inverted="false" centered="false">
	<midi var="x" type="0" channel="1" data1="0" data2f="0" data2t="127" sysex=""/>
</control>
        <control name="ZmFkZXI3NA==" x="28" y="400" w="200" h="50" color="gray" scalef="0.0" scalet="1.0" type="faderh" response="absolute" inverted="false" centered="false">
	<midi var="x" type="0" channel="1" data1="0" data2f="0" data2t="127" sysex=""/>
</control>
        <control name="ZmFkZXI3NQ==" x="28" y="850" w="200" h="50" color="gray" scalef="0.0" scalet="1.0" type="faderh" response="absolute" inverted="false" centered="false">
	<midi var="x" type="0" channel="1" data1="0" data2f="0" data2t="127" sysex=""/>
</control>
        <control name="bGFiZWw4MA==" x="178" y="750" w="50" h="100" color="gray" type="labelv" text="UmV2ZXJzZQ==" size="17" background="true" outline="false"/>
        <control name="bGFiZWw4MQ==" x="628" y="850" w="50" h="50" color="gray" type="labelv" text="R2E=" size="17" background="true" outline="false"/>
        <control name="bGFiZWw4Mg==" x="628" y="900" w="50" h="50" color="gray" type="labelv" text="RGlz" size="17" background="true" outline="false"/>
        <control name="bGFiZWw4Mw==" x="228" y="175" w="50" h="100" color="gray" type="labelv" text="Q2hvaWNlcw==" size="17" background="true" outline="false"/>
        <control name="bGFiZWw4NA==" x="428" y="300" w="50" h="100" color="gray" type="labelv" text="U2NhbGU=" size="17" background="true" outline="false"/>
        <control name="bGFiZWw4NQ==" x="278" y="550" w="100" h="100" color="gray" type="labelv" text="Ng==" size="48" background="true" outline="false"/>
    </tabpage>
    <tabpage name="Nw==" scalef="0.0" scalet="1.0" li_t="" li_c="gray" li_s="14" li_o="false" li_b="false" la_t="" la_c="gray" la_s="14" la_o="false" la_b="false">
        <control name="bXVsdGl0b2dnbGU4NA==" x="628" y="450" w="50" h="100" color="orange" scalef="0.0" scalet="1.0" type="multitoggle" number_x="1" number_y="2" ex_mode="false" local_off="false">
	<midi var="x" type="0" channel="1" data1="0" data2f="0" data2t="127" sysex=""/>

	<midi var="x" type="0" channel="1" data1="1" data2f="0" data2t="127" sysex=""/>
</control>
        <control name="ZmFkZXI3Ng==" x="428" y="850" w="200" h="50" color="orange" scalef="0.0" scalet="1.0" type="faderh" response="absolute" inverted="false" centered="false">
	<midi var="x" type="0" channel="1" data1="0" data2f="0" data2t="127" sysex=""/>
</control>
        <control name="ZmFkZXI3Nw==" x="275" y="150" w="200" h="50" color="orange" scalef="0.0" scalet="1.0" type="faderh" response="absolute" inverted="false" centered="false">
	<midi var="x" type="0" channel="1" data1="0" data2f="0" data2t="127" sysex=""/>
</control>
        <control name="bGFiZWw4Ng==" x="678" y="450" w="50" h="100" color="orange" type="labelv" text="UGl0Y2ggQXJw" size="17" background="true" outline="false"/>
        <control name="bGFiZWw4Nw==" x="428" y="0" w="50" h="150" color="orange" type="labelv" text="UGl0Y2ggUmFuZG9t" size="17" background="true" outline="false"/>
        <control name="ZmFkZXI3OA==" x="275" y="200" w="200" h="50" color="orange" scalef="0.0" scalet="1.0" type="faderh" response="absolute" inverted="false" centered="false">
	<midi var="x" type="0" channel="1" data1="0" data2f="0" data2t="127" sysex=""/>
</control>
        <control name="ZmFkZXI3OQ==" x="275" y="250" w="200" h="50" color="orange" scalef="0.0" scalet="1.0" type="faderh" response="absolute" inverted="false" centered="true">
	<midi var="x" type="0" channel="1" data1="0" data2f="0" data2t="127" sysex=""/>
</control>
        <control name="bXVsdGl0b2dnbGU4NQ==" x="628" y="0" w="50" h="100" color="orange" scalef="0.0" scalet="1.0" type="multitoggle" number_x="1" number_y="2" ex_mode="false" local_off="false">
	<midi var="x" type="0" channel="1" data1="0" data2f="0" data2t="127" sysex=""/>

	<midi var="x" type="0" channel="1" data1="1" data2f="0" data2t="127" sysex=""/>
</control>
        <control name="bXVsdGl0b2dnbGU4Ng==" x="428" y="451" w="100" h="400" color="orange" scalef="0.0" scalet="1.0" type="multitoggle" number_x="1" number_y="8" ex_mode="false" local_off="false">
	<midi var="x" type="0" channel="1" data1="0" data2f="0" data2t="127" sysex=""/>

	<midi var="x" type="0" channel="1" data1="1" data2f="0" data2t="127" sysex=""/>

	<midi var="x" type="0" channel="1" data1="2" data2f="0" data2t="127" sysex=""/>

	<midi var="x" type="0" channel="1" data1="3" data2f="0" data2t="127" sysex=""/>

	<midi var="x" type="0" channel="1" data1="4" data2f="0" data2t="127" sysex=""/>

	<midi var="x" type="0" channel="1" data1="5" data2f="0" data2t="127" sysex=""/>

	<midi var="x" type="0" channel="1" data1="6" data2f="0" data2t="127" sysex=""/>

	<midi var="x" type="0" channel="1" data1="7" data2f="0" data2t="127" sysex=""/>
</control>
        <control name="bXVsdGl0b2dnbGU4Nw==" x="628" y="100" w="50" h="100" color="orange" scalef="0.0" scalet="1.0" type="multitoggle" number_x="1" number_y="2" ex_mode="false" local_off="false">
	<midi var="x" type="0" channel="1" data1="0" data2f="0" data2t="127" sysex=""/>

	<midi var="x" type="0" channel="1" data1="1" data2f="0" data2t="127" sysex=""/>
</control>
        <control name="bGFiZWw4OA==" x="678" y="0" w="50" h="100" color="orange" type="labelv" text="R2F0ZSBBcnA=" size="17" background="true" outline="false"/>
        <control name="bXVsdGl0b2dnbGU4OA==" x="78" y="0" w="100" h="400" color="orange" scalef="0.0" scalet="1.0" type="multitoggle" number_x="1" number_y="8" ex_mode="false" local_off="false">
	<midi var="x" type="0" channel="1" data1="0" data2f="0" data2t="127" sysex=""/>

	<midi var="x" type="0" channel="1" data1="1" data2f="0" data2t="127" sysex=""/>

	<midi var="x" type="0" channel="1" data1="2" data2f="0" data2t="127" sysex=""/>

	<midi var="x" type="0" channel="1" data1="3" data2f="0" data2t="127" sysex=""/>

	<midi var="x" type="0" channel="1" data1="4" data2f="0" data2t="127" sysex=""/>

	<midi var="x" type="0" channel="1" data1="5" data2f="0" data2t="127" sysex=""/>

	<midi var="x" type="0" channel="1" data1="6" data2f="0" data2t="127" sysex=""/>

	<midi var="x" type="0" channel="1" data1="7" data2f="0" data2t="127" sysex=""/>
</control>
        <control name="bGFiZWw4OQ==" x="178" y="300" w="50" h="100" color="orange" type="labelv" text="RGVsYXk=" size="17" background="true" outline="false"/>
        <control name="bXVsdGl0b2dnbGU4OQ==" x="528" y="0" w="100" h="400" color="orange" scalef="0.0" scalet="1.0" type="multitoggle" number_x="1" number_y="8" ex_mode="false" local_off="false">
	<midi var="x" type="0" channel="1" data1="0" data2f="0" data2t="127" sysex=""/>

	<midi var="x" type="0" channel="1" data1="1" data2f="0" data2t="127" sysex=""/>

	<midi var="x" type="0" channel="1" data1="2" data2f="0" data2t="127" sysex=""/>

	<midi var="x" type="0" channel="1" data1="3" data2f="0" data2t="127" sysex=""/>

	<midi var="x" type="0" channel="1" data1="4" data2f="0" data2t="127" sysex=""/>

	<midi var="x" type="0" channel="1" data1="5" data2f="0" data2t="127" sysex=""/>

	<midi var="x" type="0" channel="1" data1="6" data2f="0" data2t="127" sysex=""/>

	<midi var="x" type="0" channel="1" data1="7" data2f="0" data2t="127" sysex=""/>
</control>
        <control name="bXVsdGl0b2dnbGU5MA==" x="528" y="450" w="100" h="400" color="orange" scalef="0.0" scalet="1.0" type="multitoggle" number_x="1" number_y="8" ex_mode="false" local_off="false">
	<midi var="x" type="0" channel="1" data1="0" data2f="0" data2t="127" sysex=""/>

	<midi var="x" type="0" channel="1" data1="1" data2f="0" data2t="127" sysex=""/>

	<midi var="x" type="0" channel="1" data1="2" data2f="0" data2t="127" sysex=""/>

	<midi var="x" type="0" channel="1" data1="3" data2f="0" data2t="127" sysex=""/>

	<midi var="x" type="0" channel="1" data1="4" data2f="0" data2t="127" sysex=""/>

	<midi var="x" type="0" channel="1" data1="5" data2f="0" data2t="127" sysex=""/>

	<midi var="x" type="0" channel="1" data1="6" data2f="0" data2t="127" sysex=""/>

	<midi var="x" type="0" channel="1" data1="7" data2f="0" data2t="127" sysex=""/>
</control>
        <control name="bXVsdGl0b2dnbGU5MQ==" x="78" y="450" w="100" h="400" color="orange" scalef="0.0" scalet="1.0" type="multitoggle" number_x="1" number_y="8" ex_mode="false" local_off="false">
	<midi var="x" type="0" channel="1" data1="0" data2f="0" data2t="127" sysex=""/>

	<midi var="x" type="0" channel="1" data1="1" data2f="0" data2t="127" sysex=""/>

	<midi var="x" type="0" channel="1" data1="2" data2f="0" data2t="127" sysex=""/>

	<midi var="x" type="0" channel="1" data1="3" data2f="0" data2t="127" sysex=""/>

	<midi var="x" type="0" channel="1" data1="4" data2f="0" data2t="127" sysex=""/>

	<midi var="x" type="0" channel="1" data1="5" data2f="0" data2t="127" sysex=""/>

	<midi var="x" type="0" channel="1" data1="6" data2f="0" data2t="127" sysex=""/>

	<midi var="x" type="0" channel="1" data1="7" data2f="0" data2t="127" sysex=""/>
</control>
        <control name="ZmFkZXI4MA==" x="428" y="900" w="200" h="50" color="orange" scalef="0.0" scalet="1.0" type="faderh" response="absolute" inverted="false" centered="false">
	<midi var="x" type="0" channel="1" data1="0" data2f="0" data2t="127" sysex=""/>
</control>
        <control name="ZmFkZXI4MQ==" x="28" y="400" w="200" h="50" color="orange" scalef="0.0" scalet="1.0" type="faderh" response="absolute" inverted="false" centered="false">
	<midi var="x" type="0" channel="1" data1="0" data2f="0" data2t="127" sysex=""/>
</control>
        <control name="ZmFkZXI4Mg==" x="28" y="850" w="200" h="50" color="orange" scalef="0.0" scalet="1.0" type="faderh" response="absolute" inverted="false" centered="false">
	<midi var="x" type="0" channel="1" data1="0" data2f="0" data2t="127" sysex=""/>
</control>
        <control name="bGFiZWw5MA==" x="178" y="750" w="50" h="100" color="orange" type="labelv" text="UmV2ZXJzZQ==" size="17" background="true" outline="false"/>
        <control name="bGFiZWw5MQ==" x="628" y="850" w="50" h="50" color="orange" type="labelv" text="R2E=" size="17" background="true" outline="false"/>
        <control name="bGFiZWw5Mg==" x="628" y="900" w="50" h="50" color="orange" type="labelv" text="RGlz" size="17" background="true" outline="false"/>
        <control name="bGFiZWw5Mw==" x="228" y="175" w="50" h="100" color="orange" type="labelv" text="Q2hvaWNlcw==" size="17" background="true" outline="false"/>
        <control name="bGFiZWw5NA==" x="428" y="300" w="50" h="100" color="orange" type="labelv" text="U2NhbGU=" size="17" background="true" outline="false"/>
        <control name="bGFiZWw5NQ==" x="278" y="550" w="100" h="100" color="orange" type="labelv" text="Nw==" size="48" background="true" outline="false"/>
    </tabpage>
    <tabpage name="OA==" scalef="0.0" scalet="1.0" li_t="" li_c="gray" li_s="14" li_o="false" li_b="false" la_t="" la_c="gray" la_s="14" la_o="false" la_b="false">
        <control name="bXVsdGl0b2dnbGU5Mg==" x="628" y="450" w="50" h="100" color="brown" scalef="0.0" scalet="1.0" type="multitoggle" number_x="1" number_y="2" ex_mode="false" local_off="false">
	<midi var="x" type="0" channel="1" data1="0" data2f="0" data2t="127" sysex=""/>

	<midi var="x" type="0" channel="1" data1="1" data2f="0" data2t="127" sysex=""/>
</control>
        <control name="ZmFkZXI4Mw==" x="428" y="850" w="200" h="50" color="brown" scalef="0.0" scalet="1.0" type="faderh" response="absolute" inverted="false" centered="false">
	<midi var="x" type="0" channel="1" data1="0" data2f="0" data2t="127" sysex=""/>
</control>
        <control name="ZmFkZXI4NA==" x="275" y="150" w="200" h="50" color="brown" scalef="0.0" scalet="1.0" type="faderh" response="absolute" inverted="false" centered="false">
	<midi var="x" type="0" channel="1" data1="0" data2f="0" data2t="127" sysex=""/>
</control>
        <control name="bGFiZWw5Ng==" x="678" y="450" w="50" h="100" color="brown" type="labelv" text="UGl0Y2ggQXJw" size="17" background="true" outline="false"/>
        <control name="bGFiZWw5Nw==" x="428" y="0" w="50" h="150" color="brown" type="labelv" text="UGl0Y2ggUmFuZG9t" size="17" background="true" outline="false"/>
        <control name="ZmFkZXI4NQ==" x="275" y="200" w="200" h="50" color="brown" scalef="0.0" scalet="1.0" type="faderh" response="absolute" inverted="false" centered="false">
	<midi var="x" type="0" channel="1" data1="0" data2f="0" data2t="127" sysex=""/>
</control>
        <control name="ZmFkZXI4Ng==" x="275" y="250" w="200" h="50" color="brown" scalef="0.0" scalet="1.0" type="faderh" response="absolute" inverted="false" centered="true">
	<midi var="x" type="0" channel="1" data1="0" data2f="0" data2t="127" sysex=""/>
</control>
        <control name="bXVsdGl0b2dnbGU5Mw==" x="628" y="0" w="50" h="100" color="brown" scalef="0.0" scalet="1.0" type="multitoggle" number_x="1" number_y="2" ex_mode="false" local_off="false">
	<midi var="x" type="0" channel="1" data1="0" data2f="0" data2t="127" sysex=""/>

	<midi var="x" type="0" channel="1" data1="1" data2f="0" data2t="127" sysex=""/>
</control>
        <control name="bXVsdGl0b2dnbGU5NA==" x="428" y="451" w="100" h="400" color="brown" scalef="0.0" scalet="1.0" type="multitoggle" number_x="1" number_y="8" ex_mode="false" local_off="false">
	<midi var="x" type="0" channel="1" data1="0" data2f="0" data2t="127" sysex=""/>

	<midi var="x" type="0" channel="1" data1="1" data2f="0" data2t="127" sysex=""/>

	<midi var="x" type="0" channel="1" data1="2" data2f="0" data2t="127" sysex=""/>

	<midi var="x" type="0" channel="1" data1="3" data2f="0" data2t="127" sysex=""/>

	<midi var="x" type="0" channel="1" data1="4" data2f="0" data2t="127" sysex=""/>

	<midi var="x" type="0" channel="1" data1="5" data2f="0" data2t="127" sysex=""/>

	<midi var="x" type="0" channel="1" data1="6" data2f="0" data2t="127" sysex=""/>

	<midi var="x" type="0" channel="1" data1="7" data2f="0" data2t="127" sysex=""/>
</control>
        <control name="bXVsdGl0b2dnbGU5NQ==" x="628" y="100" w="50" h="100" color="brown" scalef="0.0" scalet="1.0" type="multitoggle" number_x="1" number_y="2" ex_mode="false" local_off="false">
	<midi var="x" type="0" channel="1" data1="0" data2f="0" data2t="127" sysex=""/>

	<midi var="x" type="0" channel="1" data1="1" data2f="0" data2t="127" sysex=""/>
</control>
        <control name="bGFiZWw5OA==" x="678" y="0" w="50" h="100" color="brown" type="labelv" text="R2F0ZSBBcnA=" size="17" background="true" outline="false"/>
        <control name="bXVsdGl0b2dnbGU5Ng==" x="78" y="0" w="100" h="400" color="brown" scalef="0.0" scalet="1.0" type="multitoggle" number_x="1" number_y="8" ex_mode="false" local_off="false">
	<midi var="x" type="0" channel="1" data1="0" data2f="0" data2t="127" sysex=""/>

	<midi var="x" type="0" channel="1" data1="1" data2f="0" data2t="127" sysex=""/>

	<midi var="x" type="0" channel="1" data1="2" data2f="0" data2t="127" sysex=""/>

	<midi var="x" type="0" channel="1" data1="3" data2f="0" data2t="127" sysex=""/>

	<midi var="x" type="0" channel="1" data1="4" data2f="0" data2t="127" sysex=""/>

	<midi var="x" type="0" channel="1" data1="5" data2f="0" data2t="127" sysex=""/>

	<midi var="x" type="0" channel="1" data1="6" data2f="0" data2t="127" sysex=""/>

	<midi var="x" type="0" channel="1" data1="7" data2f="0" data2t="127" sysex=""/>
</control>
        <control name="bGFiZWw5OQ==" x="178" y="300" w="50" h="100" color="brown" type="labelv" text="RGVsYXk=" size="17" background="true" outline="false"/>
        <control name="bXVsdGl0b2dnbGU5Nw==" x="528" y="0" w="100" h="400" color="brown" scalef="0.0" scalet="1.0" type="multitoggle" number_x="1" number_y="8" ex_mode="false" local_off="false">
	<midi var="x" type="0" channel="1" data1="0" data2f="0" data2t="127" sysex=""/>

	<midi var="x" type="0" channel="1" data1="1" data2f="0" data2t="127" sysex=""/>

	<midi var="x" type="0" channel="1" data1="2" data2f="0" data2t="127" sysex=""/>

	<midi var="x" type="0" channel="1" data1="3" data2f="0" data2t="127" sysex=""/>

	<midi var="x" type="0" channel="1" data1="4" data2f="0" data2t="127" sysex=""/>

	<midi var="x" type="0" channel="1" data1="5" data2f="0" data2t="127" sysex=""/>

	<midi var="x" type="0" channel="1" data1="6" data2f="0" data2t="127" sysex=""/>

	<midi var="x" type="0" channel="1" data1="7" data2f="0" data2t="127" sysex=""/>
</control>
        <control name="bXVsdGl0b2dnbGU5OA==" x="528" y="450" w="100" h="400" color="brown" scalef="0.0" scalet="1.0" type="multitoggle" number_x="1" number_y="8" ex_mode="false" local_off="false">
	<midi var="x" type="0" channel="1" data1="0" data2f="0" data2t="127" sysex=""/>

	<midi var="x" type="0" channel="1" data1="1" data2f="0" data2t="127" sysex=""/>

	<midi var="x" type="0" channel="1" data1="2" data2f="0" data2t="127" sysex=""/>

	<midi var="x" type="0" channel="1" data1="3" data2f="0" data2t="127" sysex=""/>

	<midi var="x" type="0" channel="1" data1="4" data2f="0" data2t="127" sysex=""/>

	<midi var="x" type="0" channel="1" data1="5" data2f="0" data2t="127" sysex=""/>

	<midi var="x" type="0" channel="1" data1="6" data2f="0" data2t="127" sysex=""/>

	<midi var="x" type="0" channel="1" data1="7" data2f="0" data2t="127" sysex=""/>
</control>
        <control name="bXVsdGl0b2dnbGU5OQ==" x="78" y="450" w="100" h="400" color="brown" scalef="0.0" scalet="1.0" type="multitoggle" number_x="1" number_y="8" ex_mode="false" local_off="false">
	<midi var="x" type="0" channel="1" data1="0" data2f="0" data2t="127" sysex=""/>

	<midi var="x" type="0" channel="1" data1="1" data2f="0" data2t="127" sysex=""/>

	<midi var="x" type="0" channel="1" data1="2" data2f="0" data2t="127" sysex=""/>

	<midi var="x" type="0" channel="1" data1="3" data2f="0" data2t="127" sysex=""/>

	<midi var="x" type="0" channel="1" data1="4" data2f="0" data2t="127" sysex=""/>

	<midi var="x" type="0" channel="1" data1="5" data2f="0" data2t="127" sysex=""/>

	<midi var="x" type="0" channel="1" data1="6" data2f="0" data2t="127" sysex=""/>

	<midi var="x" type="0" channel="1" data1="7" data2f="0" data2t="127" sysex=""/>
</control>
        <control name="ZmFkZXI4Nw==" x="428" y="900" w="200" h="50" color="brown" scalef="0.0" scalet="1.0" type="faderh" response="absolute" inverted="false" centered="false">
	<midi var="x" type="0" channel="1" data1="0" data2f="0" data2t="127" sysex=""/>
</control>
        <control name="ZmFkZXI4OA==" x="28" y="400" w="200" h="50" color="brown" scalef="0.0" scalet="1.0" type="faderh" response="absolute" inverted="false" centered="false">
	<midi var="x" type="0" channel="1" data1="0" data2f="0" data2t="127" sysex=""/>
</control>
        <control name="ZmFkZXI4OQ==" x="28" y="850" w="200" h="50" color="brown" scalef="0.0" scalet="1.0" type="faderh" response="absolute" inverted="false" centered="false">
	<midi var="x" type="0" channel="1" data1="0" data2f="0" data2t="127" sysex=""/>
</control>
        <control name="bGFiZWwxMDA=" x="178" y="750" w="50" h="100" color="brown" type="labelv" text="UmV2ZXJzZQ==" size="17" background="true" outline="false"/>
        <control name="bGFiZWwxMDE=" x="628" y="850" w="50" h="50" color="brown" type="labelv" text="R2E=" size="17" background="true" outline="false"/>
        <control name="bGFiZWwxMDI=" x="628" y="900" w="50" h="50" color="brown" type="labelv" text="RGlz" size="17" background="true" outline="false"/>
        <control name="bGFiZWwxMDM=" x="228" y="175" w="50" h="100" color="brown" type="labelv" text="Q2hvaWNlcw==" size="17" background="true" outline="false"/>
        <control name="bGFiZWwxMDQ=" x="428" y="300" w="50" h="100" color="brown" type="labelv" text="U2NhbGU=" size="17" background="true" outline="false"/>
        <control name="bGFiZWwxMDU=" x="278" y="550" w="100" h="100" color="brown" type="labelv" text="OA==" size="48" background="true" outline="false"/>
    </tabpage>
    <tabpage name="OQ==" scalef="0.0" scalet="1.0" li_t="" li_c="gray" li_s="14" li_o="false" li_b="false" la_t="" la_c="gray" la_s="14" la_o="false" la_b="false">
        <control name="ZmFkZXI5MA==" x="608" y="0" w="120" h="120" color="yellow" scalef="0.0" scalet="1.0" type="faderh" response="absolute" inverted="false" centered="false">
	<midi var="x" type="0" channel="1" data1="0" data2f="0" data2t="127" sysex=""/>
</control>
        <control name="ZmFkZXI5MQ==" x="488" y="0" w="120" h="120" color="yellow" scalef="0.0" scalet="1.0" type="faderh" response="absolute" inverted="false" centered="false">
	<midi var="x" type="0" channel="1" data1="0" data2f="0" data2t="127" sysex=""/>
</control>
        <control name="ZmFkZXI5Mg==" x="368" y="0" w="120" h="120" color="yellow" scalef="0.0" scalet="1.0" type="faderh" response="absolute" inverted="false" centered="false">
	<midi var="x" type="0" channel="1" data1="0" data2f="0" data2t="127" sysex=""/>
</control>
        <control name="ZmFkZXI5Mw==" x="248" y="0" w="120" h="120" color="yellow" scalef="0.0" scalet="1.0" type="faderh" response="absolute" inverted="false" centered="false">
	<midi var="x" type="0" channel="1" data1="0" data2f="0" data2t="127" sysex=""/>
</control>
        <control name="ZmFkZXI5NA==" x="128" y="0" w="120" h="120" color="yellow" scalef="0.0" scalet="1.0" type="faderh" response="absolute" inverted="false" centered="false">
	<midi var="x" type="0" channel="1" data1="0" data2f="0" data2t="127" sysex=""/>
</control>
        <control name="ZmFkZXI5NQ==" x="8" y="0" w="120" h="120" color="yellow" scalef="0.0" scalet="1.0" type="faderh" response="absolute" inverted="false" centered="false">
	<midi var="x" type="0" channel="1" data1="0" data2f="0" data2t="127" sysex=""/>
</control>
        <control name="ZmFkZXI5Ng==" x="608" y="120" w="120" h="120" color="red" scalef="0.0" scalet="1.0" type="faderh" response="absolute" inverted="false" centered="false">
	<midi var="x" type="0" channel="1" data1="0" data2f="0" data2t="127" sysex=""/>
</control>
        <control name="ZmFkZXI5Nw==" x="488" y="120" w="120" h="120" color="red" scalef="0.0" scalet="1.0" type="faderh" response="absolute" inverted="false" centered="false">
	<midi var="x" type="0" channel="1" data1="0" data2f="0" data2t="127" sysex=""/>
</control>
        <control name="ZmFkZXI5OA==" x="368" y="120" w="120" h="120" color="red" scalef="0.0" scalet="1.0" type="faderh" response="absolute" inverted="false" centered="false">
	<midi var="x" type="0" channel="1" data1="0" data2f="0" data2t="127" sysex=""/>
</control>
        <control name="ZmFkZXI5OQ==" x="248" y="120" w="120" h="120" color="red" scalef="0.0" scalet="1.0" type="faderh" response="absolute" inverted="false" centered="false">
	<midi var="x" type="0" channel="1" data1="0" data2f="0" data2t="127" sysex=""/>
</control>
        <control name="ZmFkZXIxMDA=" x="128" y="120" w="120" h="120" color="red" scalef="0.0" scalet="1.0" type="faderh" response="absolute" inverted="false" centered="false">
	<midi var="x" type="0" channel="1" data1="0" data2f="0" data2t="127" sysex=""/>
</control>
        <control name="ZmFkZXIxMDE=" x="8" y="120" w="120" h="120" color="red" scalef="0.0" scalet="1.0" type="faderh" response="absolute" inverted="false" centered="false">
	<midi var="x" type="0" channel="1" data1="0" data2f="0" data2t="127" sysex=""/>
</control>
        <control name="ZmFkZXIxMTQ=" x="609" y="240" w="119" h="120" color="green" scalef="0.0" scalet="1.0" type="faderh" response="absolute" inverted="false" centered="false">
	<midi var="x" type="0" channel="1" data1="0" data2f="0" data2t="127" sysex=""/>
</control>
        <control name="ZmFkZXIxMTU=" x="487" y="240" w="120" h="120" color="green" scalef="0.0" scalet="1.0" type="faderh" response="absolute" inverted="false" centered="false">
	<midi var="x" type="0" channel="1" data1="0" data2f="0" data2t="127" sysex=""/>
</control>
        <control name="ZmFkZXIxMTY=" x="368" y="240" w="120" h="120" color="green" scalef="0.0" scalet="1.0" type="faderh" response="absolute" inverted="false" centered="false">
	<midi var="x" type="0" channel="1" data1="0" data2f="0" data2t="127" sysex=""/>
</control>
        <control name="ZmFkZXIxMTc=" x="248" y="240" w="120" h="120" color="green" scalef="0.0" scalet="1.0" type="faderh" response="absolute" inverted="false" centered="false">
	<midi var="x" type="0" channel="1" data1="0" data2f="0" data2t="127" sysex=""/>
</control>
        <control name="ZmFkZXIxMTg=" x="128" y="240" w="120" h="120" color="green" scalef="0.0" scalet="1.0" type="faderh" response="absolute" inverted="false" centered="false">
	<midi var="x" type="0" channel="1" data1="0" data2f="0" data2t="127" sysex=""/>
</control>
        <control name="ZmFkZXIxMTk=" x="8" y="240" w="120" h="120" color="green" scalef="0.0" scalet="1.0" type="faderh" response="absolute" inverted="false" centered="false">
	<midi var="x" type="0" channel="1" data1="0" data2f="0" data2t="127" sysex=""/>
</control>
        <control name="ZmFkZXIxMjA=" x="608" y="360" w="120" h="120" color="blue" scalef="0.0" scalet="1.0" type="faderh" response="absolute" inverted="false" centered="false">
	<midi var="x" type="0" channel="1" data1="0" data2f="0" data2t="127" sysex=""/>
</control>
        <control name="ZmFkZXIxMjE=" x="488" y="360" w="120" h="120" color="blue" scalef="0.0" scalet="1.0" type="faderh" response="absolute" inverted="false" centered="false">
	<midi var="x" type="0" channel="1" data1="0" data2f="0" data2t="127" sysex=""/>
</control>
        <control name="ZmFkZXIxMjI=" x="368" y="360" w="120" h="120" color="blue" scalef="0.0" scalet="1.0" type="faderh" response="absolute" inverted="false" centered="false">
	<midi var="x" type="0" channel="1" data1="0" data2f="0" data2t="127" sysex=""/>
</control>
        <control name="ZmFkZXIxMjM=" x="248" y="360" w="120" h="120" color="blue" scalef="0.0" scalet="1.0" type="faderh" response="absolute" inverted="false" centered="false">
	<midi var="x" type="0" channel="1" data1="0" data2f="0" data2t="127" sysex=""/>
</control>
        <control name="ZmFkZXIxMjQ=" x="128" y="360" w="120" h="120" color="blue" scalef="0.0" scalet="1.0" type="faderh" response="absolute" inverted="false" centered="false">
	<midi var="x" type="0" channel="1" data1="0" data2f="0" data2t="127" sysex=""/>
</control>
        <control name="ZmFkZXIxMjU=" x="8" y="360" w="120" h="120" color="blue" scalef="0.0" scalet="1.0" type="faderh" response="absolute" inverted="false" centered="false">
	<midi var="x" type="0" channel="1" data1="0" data2f="0" data2t="127" sysex=""/>
</control>
        <control name="ZmFkZXIxMjY=" x="608" y="480" w="120" h="120" color="purple" scalef="0.0" scalet="1.0" type="faderh" response="absolute" inverted="false" centered="false">
	<midi var="x" type="0" channel="1" data1="0" data2f="0" data2t="127" sysex=""/>
</control>
        <control name="ZmFkZXIxMjc=" x="488" y="480" w="120" h="120" color="purple" scalef="0.0" scalet="1.0" type="faderh" response="absolute" inverted="false" centered="false">
	<midi var="x" type="0" channel="1" data1="0" data2f="0" data2t="127" sysex=""/>
</control>
        <control name="ZmFkZXIxMjg=" x="368" y="480" w="120" h="120" color="purple" scalef="0.0" scalet="1.0" type="faderh" response="absolute" inverted="false" centered="false">
	<midi var="x" type="0" channel="1" data1="0" data2f="0" data2t="127" sysex=""/>
</control>
        <control name="ZmFkZXIxMjk=" x="248" y="480" w="120" h="120" color="purple" scalef="0.0" scalet="1.0" type="faderh" response="absolute" inverted="false" centered="false">
	<midi var="x" type="0" channel="1" data1="0" data2f="0" data2t="127" sysex=""/>
</control>
        <control name="ZmFkZXIxMzA=" x="128" y="480" w="120" h="120" color="purple" scalef="0.0" scalet="1.0" type="faderh" response="absolute" inverted="false" centered="false">
	<midi var="x" type="0" channel="1" data1="0" data2f="0" data2t="127" sysex=""/>
</control>
        <control name="ZmFkZXIxMzE=" x="8" y="480" w="120" h="120" color="purple" scalef="0.0" scalet="1.0" type="faderh" response="absolute" inverted="false" centered="false">
	<midi var="x" type="0" channel="1" data1="0" data2f="0" data2t="127" sysex=""/>
</control>
        <control name="ZmFkZXIxMzI=" x="608" y="600" w="120" h="120" color="gray" scalef="0.0" scalet="1.0" type="faderh" response="absolute" inverted="false" centered="false">
	<midi var="x" type="0" channel="1" data1="0" data2f="0" data2t="127" sysex=""/>
</control>
        <control name="ZmFkZXIxMzM=" x="488" y="600" w="120" h="120" color="gray" scalef="0.0" scalet="1.0" type="faderh" response="absolute" inverted="false" centered="false">
	<midi var="x" type="0" channel="1" data1="0" data2f="0" data2t="127" sysex=""/>
</control>
        <control name="ZmFkZXIxMzQ=" x="368" y="600" w="120" h="120" color="gray" scalef="0.0" scalet="1.0" type="faderh" response="absolute" inverted="false" centered="false">
	<midi var="x" type="0" channel="1" data1="0" data2f="0" data2t="127" sysex=""/>
</control>
        <control name="ZmFkZXIxMzU=" x="248" y="600" w="120" h="120" color="gray" scalef="0.0" scalet="1.0" type="faderh" response="absolute" inverted="false" centered="false">
	<midi var="x" type="0" channel="1" data1="0" data2f="0" data2t="127" sysex=""/>
</control>
        <control name="ZmFkZXIxMzY=" x="128" y="600" w="120" h="120" color="gray" scalef="0.0" scalet="1.0" type="faderh" response="absolute" inverted="false" centered="false">
	<midi var="x" type="0" channel="1" data1="0" data2f="0" data2t="127" sysex=""/>
</control>
        <control name="ZmFkZXIxMzc=" x="8" y="600" w="120" h="120" color="gray" scalef="0.0" scalet="1.0" type="faderh" response="absolute" inverted="false" centered="false">
	<midi var="x" type="0" channel="1" data1="0" data2f="0" data2t="127" sysex=""/>
</control>
        <control name="ZmFkZXIxMzg=" x="609" y="720" w="119" h="120" color="orange" scalef="0.0" scalet="1.0" type="faderh" response="absolute" inverted="false" centered="false">
	<midi var="x" type="0" channel="1" data1="0" data2f="0" data2t="127" sysex=""/>
</control>
        <control name="ZmFkZXIxMzk=" x="488" y="720" w="120" h="120" color="orange" scalef="0.0" scalet="1.0" type="faderh" response="absolute" inverted="false" centered="false">
	<midi var="x" type="0" channel="1" data1="0" data2f="0" data2t="127" sysex=""/>
</control>
        <control name="ZmFkZXIxNDA=" x="368" y="720" w="120" h="120" color="orange" scalef="0.0" scalet="1.0" type="faderh" response="absolute" inverted="false" centered="false">
	<midi var="x" type="0" channel="1" data1="0" data2f="0" data2t="127" sysex=""/>
</control>
        <control name="ZmFkZXIxNDE=" x="248" y="720" w="120" h="120" color="orange" scalef="0.0" scalet="1.0" type="faderh" response="absolute" inverted="false" centered="false">
	<midi var="x" type="0" channel="1" data1="0" data2f="0" data2t="127" sysex=""/>
</control>
        <control name="ZmFkZXIxNDI=" x="128" y="720" w="120" h="120" color="orange" scalef="0.0" scalet="1.0" type="faderh" response="absolute" inverted="false" centered="false">
	<midi var="x" type="0" channel="1" data1="0" data2f="0" data2t="127" sysex=""/>
</control>
        <control name="ZmFkZXIxNDM=" x="8" y="720" w="120" h="120" color="orange" scalef="0.0" scalet="1.0" type="faderh" response="absolute" inverted="false" centered="false">
	<midi var="x" type="0" channel="1" data1="0" data2f="0" data2t="127" sysex=""/>
</control>
        <control name="ZmFkZXIxNDQ=" x="608" y="840" w="120" h="120" color="brown" scalef="0.0" scalet="1.0" type="faderh" response="absolute" inverted="false" centered="false">
	<midi var="x" type="0" channel="1" data1="0" data2f="0" data2t="127" sysex=""/>
</control>
        <control name="ZmFkZXIxNDU=" x="488" y="840" w="120" h="120" color="brown" scalef="0.0" scalet="1.0" type="faderh" response="absolute" inverted="false" centered="false">
	<midi var="x" type="0" channel="1" data1="0" data2f="0" data2t="127" sysex=""/>
</control>
        <control name="ZmFkZXIxNDY=" x="368" y="840" w="120" h="120" color="brown" scalef="0.0" scalet="1.0" type="faderh" response="absolute" inverted="false" centered="false">
	<midi var="x" type="0" channel="1" data1="0" data2f="0" data2t="127" sysex=""/>
</control>
        <control name="ZmFkZXIxNDc=" x="248" y="840" w="120" h="120" color="brown" scalef="0.0" scalet="1.0" type="faderh" response="absolute" inverted="false" centered="false">
	<midi var="x" type="0" channel="1" data1="0" data2f="0" data2t="127" sysex=""/>
</control>
        <control name="ZmFkZXIxNDg=" x="128" y="840" w="120" h="120" color="brown" scalef="0.0" scalet="1.0" type="faderh" response="absolute" inverted="false" centered="false">
	<midi var="x" type="0" channel="1" data1="0" data2f="0" data2t="127" sysex=""/>
</control>
        <control name="ZmFkZXIxNDk=" x="8" y="840" w="120" h="120" color="brown" scalef="0.0" scalet="1.0" type="faderh" response="absolute" inverted="false" centered="false">
	<midi var="x" type="0" channel="1" data1="0" data2f="0" data2t="127" sysex=""/>
</control>
        <control name="bGFiZWwxMDY=" x="608" y="960" w="120" h="60" color="gray" type="labelv" text="QQ==" size="48" background="true" outline="false"/>
        <control name="bGFiZWwxMDc=" x="488" y="960" w="120" h="60" color="gray" type="labelv" text="Qg==" size="48" background="true" outline="false"/>
        <control name="bGFiZWwxMDg=" x="368" y="960" w="120" h="60" color="gray" type="labelv" text="Qw==" size="48" background="true" outline="false"/>
        <control name="bGFiZWwxMDk=" x="248" y="960" w="120" h="59" color="gray" type="labelv" text="RA==" size="48" background="true" outline="false"/>
        <control name="bGFiZWwxMTA=" x="128" y="960" w="120" h="60" color="gray" type="labelv" text="RQ==" size="48" background="true" outline="false"/>
        <control name="bGFiZWwxMTE=" x="8" y="960" w="120" h="59" color="gray" type="labelv" text="Rg==" size="48" background="true" outline="false"/>
    </tabpage>
</layout>