></control,></control,></control,></control,></control,></control,></control,></control,></control,></control,></control,></control,></control,></control,></control,></control,></control,></control,></control,></control,></control,></control,></control,></control,></control,></control,></control,></control,></control,></control,></control,></control,></control,></control,></control,></control,></control,></control,></control,></control,></control,></control,></control,></control,></control,></control,></control,></control,></control,></control,></control,></control,></control,></control,></control,></control,></control,></control,></control,></control,></control,></control,></control,></control,></control,></control,></control,></control,></control,></control,></control,></control,></control,></control,></control,></control,></control,></control,></control,></control,></control,></control,></control,></control,></control,></control,></control,></control,></control,></control,></control,></control,></control,></control,></control,></control,></control,></control,></control,></control,></control,></control,></control,></control,></control,></control,></control,></control,></control,></control,></control,></control,></control,></control,></control,></control,></control,></control,></control,></control,></control,></control,></control,></control,></control,></control,></control,></control,></control,></control,></control,></control,></control,></control,></control,></control,></control,></control,></control,></control,></control,></control,></control,></control,></control,></control,></control,></control,></control,></control,></control,></control,></control,></control,></control,></control,></control,></control,></control,></control,></control,></control,></control,></control,></control,></control,></control,></control,></control,></control,></control,></control,></control,></control,></control,></control,></control,></control,></control,></control,></control,></control,></control,></control,></control,></control,></control,></control,></control,></control,></control,></control,></control,></control,></control,></control,></control,></control,></control,></control,></control,></control,></control,></control,></control,></control,></control,></control,></control,></control,></control,></control,></control,></control,></control,></control,></control,></control,></control,></control,></control,></control,></control,></control,></control,></control,></control,></control,></control,></control,></control,></control,></control,></control,></control,></control,></control,></control